
*** Running vivado
    with args -log system.vdi -applog -m64 -product Vivado -messageDb vivado.pb -mode batch -source system.tcl -notrace


****** Vivado v2018.1 (64-bit)
  **** SW Build 2188600 on Wed Apr  4 18:39:19 MDT 2018
  **** IP Build 2185939 on Wed Apr  4 20:55:05 MDT 2018
    ** Copyright 1986-2018 Xilinx, Inc. All Rights Reserved.

source system.tcl -notrace
Command: link_design -top system -part xc7a35tftg256-1
Design is defaulting to srcset: sources_1
Design is defaulting to constrset: constrs_1
INFO: [Project 1-454] Reading design checkpoint '/home/nikihuang/Documents/lab/project/project_1.srcs/sources_1/ip/axi_bram_ctrl_0/axi_bram_ctrl_0.dcp' for cell 'axi_bram'
INFO: [Project 1-454] Reading design checkpoint '/home/nikihuang/Documents/lab/project/project_1.srcs/sources_1/ip/mmcm_1/mmcm.dcp' for cell 'ip_mmcm'
INFO: [Project 1-454] Reading design checkpoint '/home/nikihuang/Documents/lab/project/project_1.srcs/sources_1/ip/reset_sys_1/reset_sys.dcp' for cell 'ip_reset_sys'
INFO: [Netlist 29-17] Analyzing 1597 Unisim elements for replacement
INFO: [Netlist 29-28] Unisim Transformation completed in 0 CPU seconds
INFO: [Project 1-479] Netlist was created with Vivado 2017.4.1
INFO: [Device 21-403] Loading part xc7a35tftg256-1
INFO: [Project 1-570] Preparing netlist for logic optimization
Parsing XDC File [/home/nikihuang/Documents/lab/project/project_1.srcs/sources_1/ip/reset_sys_1/reset_sys_board.xdc] for cell 'ip_reset_sys/U0'
Finished Parsing XDC File [/home/nikihuang/Documents/lab/project/project_1.srcs/sources_1/ip/reset_sys_1/reset_sys_board.xdc] for cell 'ip_reset_sys/U0'
Parsing XDC File [/home/nikihuang/Documents/lab/project/project_1.srcs/sources_1/ip/reset_sys_1/reset_sys.xdc] for cell 'ip_reset_sys/U0'
Finished Parsing XDC File [/home/nikihuang/Documents/lab/project/project_1.srcs/sources_1/ip/reset_sys_1/reset_sys.xdc] for cell 'ip_reset_sys/U0'
Parsing XDC File [/home/nikihuang/Documents/lab/project/project_1.srcs/sources_1/ip/mmcm_1/mmcm_board.xdc] for cell 'ip_mmcm/inst'
Finished Parsing XDC File [/home/nikihuang/Documents/lab/project/project_1.srcs/sources_1/ip/mmcm_1/mmcm_board.xdc] for cell 'ip_mmcm/inst'
Parsing XDC File [/home/nikihuang/Documents/lab/project/project_1.srcs/sources_1/ip/mmcm_1/mmcm.xdc] for cell 'ip_mmcm/inst'
INFO: [Timing 38-35] Done setting XDC timing constraints. [/home/nikihuang/Documents/lab/project/project_1.srcs/sources_1/ip/mmcm_1/mmcm.xdc:57]
INFO: [Timing 38-2] Deriving generated clocks [/home/nikihuang/Documents/lab/project/project_1.srcs/sources_1/ip/mmcm_1/mmcm.xdc:57]
get_clocks: Time (s): cpu = 00:00:09 ; elapsed = 00:00:16 . Memory (MB): peak = 2119.262 ; gain = 556.531 ; free physical = 9517 ; free virtual = 14110
Finished Parsing XDC File [/home/nikihuang/Documents/lab/project/project_1.srcs/sources_1/ip/mmcm_1/mmcm.xdc] for cell 'ip_mmcm/inst'
Parsing XDC File [/home/nikihuang/Documents/lab/project/project_1.srcs/constrs_1/new/e203_0408.xdc]
Finished Parsing XDC File [/home/nikihuang/Documents/lab/project/project_1.srcs/constrs_1/new/e203_0408.xdc]
INFO: [Project 1-538] Using original IP XDC constraints instead of the XDC constraints in dcp '/home/nikihuang/Documents/lab/project/project_1.srcs/sources_1/ip/axi_bram_ctrl_0/axi_bram_ctrl_0.dcp'
Sourcing Tcl File [/opt/Xilinx/Vivado/2018.1/data/ip/xpm/xpm_memory/tcl/xpm_memory_xdc.tcl] for cell 'axi_bram/U0/gint_inst.xpm_tdpram_mem_gen.xpm_memory_inst'
Finished Sourcing Tcl File [/opt/Xilinx/Vivado/2018.1/data/ip/xpm/xpm_memory/tcl/xpm_memory_xdc.tcl] for cell 'axi_bram/U0/gint_inst.xpm_tdpram_mem_gen.xpm_memory_inst'
INFO: [Opt 31-138] Pushed 0 inverter(s) to 0 load pin(s).
INFO: [Project 1-111] Unisim Transformation Summary:
  A total of 58 instances were transformed.
  IOBUF => IOBUF (IBUF, OBUFT): 38 instances
  RAM32M => RAM32M (RAMD32, RAMD32, RAMD32, RAMD32, RAMD32, RAMD32, RAMS32, RAMS32): 20 instances

13 Infos, 0 Warnings, 0 Critical Warnings and 0 Errors encountered.
link_design completed successfully
link_design: Time (s): cpu = 00:00:17 ; elapsed = 00:00:32 . Memory (MB): peak = 2120.262 ; gain = 937.934 ; free physical = 9548 ; free virtual = 14140
Command: opt_design
Attempting to get a license for feature 'Implementation' and/or device 'xc7a35t'
INFO: [Common 17-349] Got license for feature 'Implementation' and/or device 'xc7a35t'
Running DRC as a precondition to command opt_design

Starting DRC Task
INFO: [DRC 23-27] Running DRC with 8 threads
ERROR: [DRC MDRV-1] Multiple Driver Nets: Net dut/u_e203_subsys_top/u_e203_subsys_main/u_e203_cpu_top/u_e203_cpu/u_lab3_mem_ctrl/u_ddr_request/u_axi_wrapper/qout_r_reg[31][0] has multiple drivers: dut/u_e203_subsys_top/u_e203_subsys_main/u_e203_cpu_top/u_e203_cpu/u_lab3_mem_ctrl/u_ddr_request/u_axi_wrapper/data_reg[0]_i_3/O, and dut/u_e203_subsys_top/u_e203_subsys_main/u_e203_cpu_top/u_e203_cpu/u_lab3_mem_ctrl/data_reg[0]/Q.
ERROR: [DRC MDRV-1] Multiple Driver Nets: Net dut/u_e203_subsys_top/u_e203_subsys_main/u_e203_cpu_top/u_e203_cpu/u_lab3_mem_ctrl/u_ddr_request/u_axi_wrapper/qout_r_reg[31][10] has multiple drivers: dut/u_e203_subsys_top/u_e203_subsys_main/u_e203_cpu_top/u_e203_cpu/u_lab3_mem_ctrl/u_ddr_request/u_axi_wrapper/data_reg[10]_i_3/O, and dut/u_e203_subsys_top/u_e203_subsys_main/u_e203_cpu_top/u_e203_cpu/u_lab3_mem_ctrl/data_reg[10]/Q.
ERROR: [DRC MDRV-1] Multiple Driver Nets: Net dut/u_e203_subsys_top/u_e203_subsys_main/u_e203_cpu_top/u_e203_cpu/u_lab3_mem_ctrl/u_ddr_request/u_axi_wrapper/qout_r_reg[31][11] has multiple drivers: dut/u_e203_subsys_top/u_e203_subsys_main/u_e203_cpu_top/u_e203_cpu/u_lab3_mem_ctrl/u_ddr_request/u_axi_wrapper/data_reg[11]_i_3/O, and dut/u_e203_subsys_top/u_e203_subsys_main/u_e203_cpu_top/u_e203_cpu/u_lab3_mem_ctrl/data_reg[11]/Q.
ERROR: [DRC MDRV-1] Multiple Driver Nets: Net dut/u_e203_subsys_top/u_e203_subsys_main/u_e203_cpu_top/u_e203_cpu/u_lab3_mem_ctrl/u_ddr_request/u_axi_wrapper/qout_r_reg[31][12] has multiple drivers: dut/u_e203_subsys_top/u_e203_subsys_main/u_e203_cpu_top/u_e203_cpu/u_lab3_mem_ctrl/u_ddr_request/u_axi_wrapper/data_reg[12]_i_3/O, and dut/u_e203_subsys_top/u_e203_subsys_main/u_e203_cpu_top/u_e203_cpu/u_lab3_mem_ctrl/data_reg[12]/Q.
ERROR: [DRC MDRV-1] Multiple Driver Nets: Net dut/u_e203_subsys_top/u_e203_subsys_main/u_e203_cpu_top/u_e203_cpu/u_lab3_mem_ctrl/u_ddr_request/u_axi_wrapper/qout_r_reg[31][13] has multiple drivers: dut/u_e203_subsys_top/u_e203_subsys_main/u_e203_cpu_top/u_e203_cpu/u_lab3_mem_ctrl/u_ddr_request/u_axi_wrapper/data_reg[13]_i_3/O, and dut/u_e203_subsys_top/u_e203_subsys_main/u_e203_cpu_top/u_e203_cpu/u_lab3_mem_ctrl/data_reg[13]/Q.
ERROR: [DRC MDRV-1] Multiple Driver Nets: Net dut/u_e203_subsys_top/u_e203_subsys_main/u_e203_cpu_top/u_e203_cpu/u_lab3_mem_ctrl/u_ddr_request/u_axi_wrapper/qout_r_reg[31][14] has multiple drivers: dut/u_e203_subsys_top/u_e203_subsys_main/u_e203_cpu_top/u_e203_cpu/u_lab3_mem_ctrl/u_ddr_request/u_axi_wrapper/data_reg[14]_i_3/O, and dut/u_e203_subsys_top/u_e203_subsys_main/u_e203_cpu_top/u_e203_cpu/u_lab3_mem_ctrl/data_reg[14]/Q.
ERROR: [DRC MDRV-1] Multiple Driver Nets: Net dut/u_e203_subsys_top/u_e203_subsys_main/u_e203_cpu_top/u_e203_cpu/u_lab3_mem_ctrl/u_ddr_request/u_axi_wrapper/qout_r_reg[31][15] has multiple drivers: dut/u_e203_subsys_top/u_e203_subsys_main/u_e203_cpu_top/u_e203_cpu/u_lab3_mem_ctrl/u_ddr_request/u_axi_wrapper/data_reg[15]_i_3/O, and dut/u_e203_subsys_top/u_e203_subsys_main/u_e203_cpu_top/u_e203_cpu/u_lab3_mem_ctrl/data_reg[15]/Q.
ERROR: [DRC MDRV-1] Multiple Driver Nets: Net dut/u_e203_subsys_top/u_e203_subsys_main/u_e203_cpu_top/u_e203_cpu/u_lab3_mem_ctrl/u_ddr_request/u_axi_wrapper/qout_r_reg[31][16] has multiple drivers: dut/u_e203_subsys_top/u_e203_subsys_main/u_e203_cpu_top/u_e203_cpu/u_lab3_mem_ctrl/u_ddr_request/u_axi_wrapper/data_reg[16]_i_3/O, and dut/u_e203_subsys_top/u_e203_subsys_main/u_e203_cpu_top/u_e203_cpu/u_lab3_mem_ctrl/data_reg[16]/Q.
ERROR: [DRC MDRV-1] Multiple Driver Nets: Net dut/u_e203_subsys_top/u_e203_subsys_main/u_e203_cpu_top/u_e203_cpu/u_lab3_mem_ctrl/u_ddr_request/u_axi_wrapper/qout_r_reg[31][17] has multiple drivers: dut/u_e203_subsys_top/u_e203_subsys_main/u_e203_cpu_top/u_e203_cpu/u_lab3_mem_ctrl/u_ddr_request/u_axi_wrapper/data_reg[17]_i_3/O, and dut/u_e203_subsys_top/u_e203_subsys_main/u_e203_cpu_top/u_e203_cpu/u_lab3_mem_ctrl/data_reg[17]/Q.
ERROR: [DRC MDRV-1] Multiple Driver Nets: Net dut/u_e203_subsys_top/u_e203_subsys_main/u_e203_cpu_top/u_e203_cpu/u_lab3_mem_ctrl/u_ddr_request/u_axi_wrapper/qout_r_reg[31][18] has multiple drivers: dut/u_e203_subsys_top/u_e203_subsys_main/u_e203_cpu_top/u_e203_cpu/u_lab3_mem_ctrl/u_ddr_request/u_axi_wrapper/data_reg[18]_i_3/O, and dut/u_e203_subsys_top/u_e203_subsys_main/u_e203_cpu_top/u_e203_cpu/u_lab3_mem_ctrl/data_reg[18]/Q.
ERROR: [DRC MDRV-1] Multiple Driver Nets: Net dut/u_e203_subsys_top/u_e203_subsys_main/u_e203_cpu_top/u_e203_cpu/u_lab3_mem_ctrl/u_ddr_request/u_axi_wrapper/qout_r_reg[31][19] has multiple drivers: dut/u_e203_subsys_top/u_e203_subsys_main/u_e203_cpu_top/u_e203_cpu/u_lab3_mem_ctrl/u_ddr_request/u_axi_wrapper/data_reg[19]_i_3/O, and dut/u_e203_subsys_top/u_e203_subsys_main/u_e203_cpu_top/u_e203_cpu/u_lab3_mem_ctrl/data_reg[19]/Q.
ERROR: [DRC MDRV-1] Multiple Driver Nets: Net dut/u_e203_subsys_top/u_e203_subsys_main/u_e203_cpu_top/u_e203_cpu/u_lab3_mem_ctrl/u_ddr_request/u_axi_wrapper/qout_r_reg[31][1] has multiple drivers: dut/u_e203_subsys_top/u_e203_subsys_main/u_e203_cpu_top/u_e203_cpu/u_lab3_mem_ctrl/u_ddr_request/u_axi_wrapper/data_reg[1]_i_3/O, and dut/u_e203_subsys_top/u_e203_subsys_main/u_e203_cpu_top/u_e203_cpu/u_lab3_mem_ctrl/data_reg[1]/Q.
ERROR: [DRC MDRV-1] Multiple Driver Nets: Net dut/u_e203_subsys_top/u_e203_subsys_main/u_e203_cpu_top/u_e203_cpu/u_lab3_mem_ctrl/u_ddr_request/u_axi_wrapper/qout_r_reg[31][20] has multiple drivers: dut/u_e203_subsys_top/u_e203_subsys_main/u_e203_cpu_top/u_e203_cpu/u_lab3_mem_ctrl/u_ddr_request/u_axi_wrapper/data_reg[20]_i_3/O, and dut/u_e203_subsys_top/u_e203_subsys_main/u_e203_cpu_top/u_e203_cpu/u_lab3_mem_ctrl/data_reg[20]/Q.
ERROR: [DRC MDRV-1] Multiple Driver Nets: Net dut/u_e203_subsys_top/u_e203_subsys_main/u_e203_cpu_top/u_e203_cpu/u_lab3_mem_ctrl/u_ddr_request/u_axi_wrapper/qout_r_reg[31][21] has multiple drivers: dut/u_e203_subsys_top/u_e203_subsys_main/u_e203_cpu_top/u_e203_cpu/u_lab3_mem_ctrl/u_ddr_request/u_axi_wrapper/data_reg[21]_i_3/O, and dut/u_e203_subsys_top/u_e203_subsys_main/u_e203_cpu_top/u_e203_cpu/u_lab3_mem_ctrl/data_reg[21]/Q.
ERROR: [DRC MDRV-1] Multiple Driver Nets: Net dut/u_e203_subsys_top/u_e203_subsys_main/u_e203_cpu_top/u_e203_cpu/u_lab3_mem_ctrl/u_ddr_request/u_axi_wrapper/qout_r_reg[31][22] has multiple drivers: dut/u_e203_subsys_top/u_e203_subsys_main/u_e203_cpu_top/u_e203_cpu/u_lab3_mem_ctrl/u_ddr_request/u_axi_wrapper/data_reg[22]_i_3/O, and dut/u_e203_subsys_top/u_e203_subsys_main/u_e203_cpu_top/u_e203_cpu/u_lab3_mem_ctrl/data_reg[22]/Q.
ERROR: [DRC MDRV-1] Multiple Driver Nets: Net dut/u_e203_subsys_top/u_e203_subsys_main/u_e203_cpu_top/u_e203_cpu/u_lab3_mem_ctrl/u_ddr_request/u_axi_wrapper/qout_r_reg[31][23] has multiple drivers: dut/u_e203_subsys_top/u_e203_subsys_main/u_e203_cpu_top/u_e203_cpu/u_lab3_mem_ctrl/u_ddr_request/u_axi_wrapper/data_reg[23]_i_3/O, and dut/u_e203_subsys_top/u_e203_subsys_main/u_e203_cpu_top/u_e203_cpu/u_lab3_mem_ctrl/data_reg[23]/Q.
ERROR: [DRC MDRV-1] Multiple Driver Nets: Net dut/u_e203_subsys_top/u_e203_subsys_main/u_e203_cpu_top/u_e203_cpu/u_lab3_mem_ctrl/u_ddr_request/u_axi_wrapper/qout_r_reg[31][24] has multiple drivers: dut/u_e203_subsys_top/u_e203_subsys_main/u_e203_cpu_top/u_e203_cpu/u_lab3_mem_ctrl/u_ddr_request/u_axi_wrapper/data_reg[24]_i_3/O, and dut/u_e203_subsys_top/u_e203_subsys_main/u_e203_cpu_top/u_e203_cpu/u_lab3_mem_ctrl/data_reg[24]/Q.
ERROR: [DRC MDRV-1] Multiple Driver Nets: Net dut/u_e203_subsys_top/u_e203_subsys_main/u_e203_cpu_top/u_e203_cpu/u_lab3_mem_ctrl/u_ddr_request/u_axi_wrapper/qout_r_reg[31][25] has multiple drivers: dut/u_e203_subsys_top/u_e203_subsys_main/u_e203_cpu_top/u_e203_cpu/u_lab3_mem_ctrl/u_ddr_request/u_axi_wrapper/data_reg[25]_i_3/O, and dut/u_e203_subsys_top/u_e203_subsys_main/u_e203_cpu_top/u_e203_cpu/u_lab3_mem_ctrl/data_reg[25]/Q.
ERROR: [DRC MDRV-1] Multiple Driver Nets: Net dut/u_e203_subsys_top/u_e203_subsys_main/u_e203_cpu_top/u_e203_cpu/u_lab3_mem_ctrl/u_ddr_request/u_axi_wrapper/qout_r_reg[31][26] has multiple drivers: dut/u_e203_subsys_top/u_e203_subsys_main/u_e203_cpu_top/u_e203_cpu/u_lab3_mem_ctrl/u_ddr_request/u_axi_wrapper/data_reg[26]_i_3/O, and dut/u_e203_subsys_top/u_e203_subsys_main/u_e203_cpu_top/u_e203_cpu/u_lab3_mem_ctrl/data_reg[26]/Q.
ERROR: [DRC MDRV-1] Multiple Driver Nets: Net dut/u_e203_subsys_top/u_e203_subsys_main/u_e203_cpu_top/u_e203_cpu/u_lab3_mem_ctrl/u_ddr_request/u_axi_wrapper/qout_r_reg[31][27] has multiple drivers: dut/u_e203_subsys_top/u_e203_subsys_main/u_e203_cpu_top/u_e203_cpu/u_lab3_mem_ctrl/u_ddr_request/u_axi_wrapper/data_reg[27]_i_3/O, and dut/u_e203_subsys_top/u_e203_subsys_main/u_e203_cpu_top/u_e203_cpu/u_lab3_mem_ctrl/data_reg[27]/Q.
ERROR: [DRC MDRV-1] Multiple Driver Nets: Net dut/u_e203_subsys_top/u_e203_subsys_main/u_e203_cpu_top/u_e203_cpu/u_lab3_mem_ctrl/u_ddr_request/u_axi_wrapper/qout_r_reg[31][28] has multiple drivers: dut/u_e203_subsys_top/u_e203_subsys_main/u_e203_cpu_top/u_e203_cpu/u_lab3_mem_ctrl/u_ddr_request/u_axi_wrapper/data_reg[28]_i_3/O, and dut/u_e203_subsys_top/u_e203_subsys_main/u_e203_cpu_top/u_e203_cpu/u_lab3_mem_ctrl/data_reg[28]/Q.
ERROR: [DRC MDRV-1] Multiple Driver Nets: Net dut/u_e203_subsys_top/u_e203_subsys_main/u_e203_cpu_top/u_e203_cpu/u_lab3_mem_ctrl/u_ddr_request/u_axi_wrapper/qout_r_reg[31][29] has multiple drivers: dut/u_e203_subsys_top/u_e203_subsys_main/u_e203_cpu_top/u_e203_cpu/u_lab3_mem_ctrl/u_ddr_request/u_axi_wrapper/data_reg[29]_i_3/O, and dut/u_e203_subsys_top/u_e203_subsys_main/u_e203_cpu_top/u_e203_cpu/u_lab3_mem_ctrl/data_reg[29]/Q.
ERROR: [DRC MDRV-1] Multiple Driver Nets: Net dut/u_e203_subsys_top/u_e203_subsys_main/u_e203_cpu_top/u_e203_cpu/u_lab3_mem_ctrl/u_ddr_request/u_axi_wrapper/qout_r_reg[31][2] has multiple drivers: dut/u_e203_subsys_top/u_e203_subsys_main/u_e203_cpu_top/u_e203_cpu/u_lab3_mem_ctrl/u_ddr_request/u_axi_wrapper/data_reg[2]_i_3/O, and dut/u_e203_subsys_top/u_e203_subsys_main/u_e203_cpu_top/u_e203_cpu/u_lab3_mem_ctrl/data_reg[2]/Q.
ERROR: [DRC MDRV-1] Multiple Driver Nets: Net dut/u_e203_subsys_top/u_e203_subsys_main/u_e203_cpu_top/u_e203_cpu/u_lab3_mem_ctrl/u_ddr_request/u_axi_wrapper/qout_r_reg[31][30] has multiple drivers: dut/u_e203_subsys_top/u_e203_subsys_main/u_e203_cpu_top/u_e203_cpu/u_lab3_mem_ctrl/u_ddr_request/u_axi_wrapper/data_reg[30]_i_3/O, and dut/u_e203_subsys_top/u_e203_subsys_main/u_e203_cpu_top/u_e203_cpu/u_lab3_mem_ctrl/data_reg[30]/Q.
ERROR: [DRC MDRV-1] Multiple Driver Nets: Net dut/u_e203_subsys_top/u_e203_subsys_main/u_e203_cpu_top/u_e203_cpu/u_lab3_mem_ctrl/u_ddr_request/u_axi_wrapper/qout_r_reg[31][31] has multiple drivers: dut/u_e203_subsys_top/u_e203_subsys_main/u_e203_cpu_top/u_e203_cpu/u_lab3_mem_ctrl/u_ddr_request/u_axi_wrapper/data_reg[31]_i_4/O, and dut/u_e203_subsys_top/u_e203_subsys_main/u_e203_cpu_top/u_e203_cpu/u_lab3_mem_ctrl/data_reg[31]/Q.
ERROR: [DRC MDRV-1] Multiple Driver Nets: Net dut/u_e203_subsys_top/u_e203_subsys_main/u_e203_cpu_top/u_e203_cpu/u_lab3_mem_ctrl/u_ddr_request/u_axi_wrapper/qout_r_reg[31][3] has multiple drivers: dut/u_e203_subsys_top/u_e203_subsys_main/u_e203_cpu_top/u_e203_cpu/u_lab3_mem_ctrl/u_ddr_request/u_axi_wrapper/data_reg[3]_i_3/O, and dut/u_e203_subsys_top/u_e203_subsys_main/u_e203_cpu_top/u_e203_cpu/u_lab3_mem_ctrl/data_reg[3]/Q.
ERROR: [DRC MDRV-1] Multiple Driver Nets: Net dut/u_e203_subsys_top/u_e203_subsys_main/u_e203_cpu_top/u_e203_cpu/u_lab3_mem_ctrl/u_ddr_request/u_axi_wrapper/qout_r_reg[31][4] has multiple drivers: dut/u_e203_subsys_top/u_e203_subsys_main/u_e203_cpu_top/u_e203_cpu/u_lab3_mem_ctrl/u_ddr_request/u_axi_wrapper/data_reg[4]_i_3/O, and dut/u_e203_subsys_top/u_e203_subsys_main/u_e203_cpu_top/u_e203_cpu/u_lab3_mem_ctrl/data_reg[4]/Q.
ERROR: [DRC MDRV-1] Multiple Driver Nets: Net dut/u_e203_subsys_top/u_e203_subsys_main/u_e203_cpu_top/u_e203_cpu/u_lab3_mem_ctrl/u_ddr_request/u_axi_wrapper/qout_r_reg[31][5] has multiple drivers: dut/u_e203_subsys_top/u_e203_subsys_main/u_e203_cpu_top/u_e203_cpu/u_lab3_mem_ctrl/u_ddr_request/u_axi_wrapper/data_reg[5]_i_3/O, and dut/u_e203_subsys_top/u_e203_subsys_main/u_e203_cpu_top/u_e203_cpu/u_lab3_mem_ctrl/data_reg[5]/Q.
ERROR: [DRC MDRV-1] Multiple Driver Nets: Net dut/u_e203_subsys_top/u_e203_subsys_main/u_e203_cpu_top/u_e203_cpu/u_lab3_mem_ctrl/u_ddr_request/u_axi_wrapper/qout_r_reg[31][6] has multiple drivers: dut/u_e203_subsys_top/u_e203_subsys_main/u_e203_cpu_top/u_e203_cpu/u_lab3_mem_ctrl/u_ddr_request/u_axi_wrapper/data_reg[6]_i_3/O, and dut/u_e203_subsys_top/u_e203_subsys_main/u_e203_cpu_top/u_e203_cpu/u_lab3_mem_ctrl/data_reg[6]/Q.
ERROR: [DRC MDRV-1] Multiple Driver Nets: Net dut/u_e203_subsys_top/u_e203_subsys_main/u_e203_cpu_top/u_e203_cpu/u_lab3_mem_ctrl/u_ddr_request/u_axi_wrapper/qout_r_reg[31][7] has multiple drivers: dut/u_e203_subsys_top/u_e203_subsys_main/u_e203_cpu_top/u_e203_cpu/u_lab3_mem_ctrl/u_ddr_request/u_axi_wrapper/data_reg[7]_i_3/O, and dut/u_e203_subsys_top/u_e203_subsys_main/u_e203_cpu_top/u_e203_cpu/u_lab3_mem_ctrl/data_reg[7]/Q.
ERROR: [DRC MDRV-1] Multiple Driver Nets: Net dut/u_e203_subsys_top/u_e203_subsys_main/u_e203_cpu_top/u_e203_cpu/u_lab3_mem_ctrl/u_ddr_request/u_axi_wrapper/qout_r_reg[31][8] has multiple drivers: dut/u_e203_subsys_top/u_e203_subsys_main/u_e203_cpu_top/u_e203_cpu/u_lab3_mem_ctrl/u_ddr_request/u_axi_wrapper/data_reg[8]_i_3/O, and dut/u_e203_subsys_top/u_e203_subsys_main/u_e203_cpu_top/u_e203_cpu/u_lab3_mem_ctrl/data_reg[8]/Q.
ERROR: [DRC MDRV-1] Multiple Driver Nets: Net dut/u_e203_subsys_top/u_e203_subsys_main/u_e203_cpu_top/u_e203_cpu/u_lab3_mem_ctrl/u_ddr_request/u_axi_wrapper/qout_r_reg[31][9] has multiple drivers: dut/u_e203_subsys_top/u_e203_subsys_main/u_e203_cpu_top/u_e203_cpu/u_lab3_mem_ctrl/u_ddr_request/u_axi_wrapper/data_reg[9]_i_3/O, and dut/u_e203_subsys_top/u_e203_subsys_main/u_e203_cpu_top/u_e203_cpu/u_lab3_mem_ctrl/data_reg[9]/Q.
WARNING: [DRC RPBF-3] IO port buffering is incomplete: Device port ck_io[14] expects both input and output buffering but the buffers are incomplete.
WARNING: [DRC RPBF-3] IO port buffering is incomplete: Device port led_0 expects both input and output buffering but the buffers are incomplete.
WARNING: [DRC RPBF-3] IO port buffering is incomplete: Device port led_1 expects both input and output buffering but the buffers are incomplete.
WARNING: [DRC RPBF-3] IO port buffering is incomplete: Device port led_2 expects both input and output buffering but the buffers are incomplete.
INFO: [Project 1-461] DRC finished with 32 Errors, 4 Warnings
INFO: [Project 1-462] Please refer to the DRC report (report_drc) for more information.
ERROR: [Vivado_Tcl 4-78] Error(s) found during DRC. Opt_design not run.

Time (s): cpu = 00:00:01 ; elapsed = 00:00:00.96 . Memory (MB): peak = 2184.293 ; gain = 64.031 ; free physical = 9542 ; free virtual = 14135
INFO: [Common 17-83] Releasing license: Implementation
18 Infos, 4 Warnings, 0 Critical Warnings and 33 Errors encountered.
opt_design failed
ERROR: [Common 17-39] 'opt_design' failed due to earlier errors.

INFO: [Common 17-206] Exiting Vivado at Fri Jan  4 17:45:52 2019...
