Copyright 1986-2018 Xilinx, Inc. All Rights Reserved.
-------------------------------------------------------------------------------------------------
| Tool Version              : Vivado v.2018.1 (lin64) Build 2188600 Wed Apr  4 18:39:19 MDT 2018
| Date                      : Sat Nov 10 01:57:37 2018
| Host                      : nikihuang running 64-bit Ubuntu 18.04.1 LTS
| Command                   : report_io -file system_io_placed.rpt
| Design                    : system
| Device                    : xc7a35t
| Speed File                : -1
| Package                   : ftg256
| Package Version           : FINAL 2013-12-20
| Package Pin Delay Version : VERS. 2.0 2013-12-20
-------------------------------------------------------------------------------------------------

IO Information

Table of Contents
-----------------
1. Summary
2. IO Assignments by Package Pin

1. Summary
----------

+---------------+
| Total User IO |
+---------------+
|            63 |
+---------------+


2. IO Assignments by Package Pin
--------------------------------

+------------+--------------+------------+------------------------------+-------------+-------------+---------+------------+------+---------------------+----------------------+---------+------------+-----------+----------+------+------------------+--------------+-------------------+--------------+
| Pin Number | Signal Name  | Bank Type  | Pin Name                     | Use         | IO Standard | IO Bank | Drive (mA) | Slew | On-Chip Termination | Off-Chip Termination | Voltage | Constraint | Pull Type | DQS Bias | Vref | Signal Integrity | Pre Emphasis | Lvds Pre Emphasis | Equalization |
+------------+--------------+------------+------------------------------+-------------+-------------+---------+------------+------+---------------------+----------------------+---------+------------+-----------+----------+------+------------------+--------------+-------------------+--------------+
| A1         |              |            | GND                          | GND         |             |         |            |      |                     |                      |     0.0 |            |           |          |      |                  |              |                   |              |
| A2         |              | High Range | IO_L8N_T1_AD14N_35           | User IO     |             |      35 |            |      |                     |                      |         |            |           |          |      |                  |              |                   |              |
| A3         |              | High Range | IO_L4N_T0_35                 | User IO     |             |      35 |            |      |                     |                      |         |            |           |          |      |                  |              |                   |              |
| A4         |              | High Range | IO_L3N_T0_DQS_AD5N_35        | User IO     |             |      35 |            |      |                     |                      |         |            |           |          |      |                  |              |                   |              |
| A5         |              | High Range | IO_L3P_T0_DQS_AD5P_35        | User IO     |             |      35 |            |      |                     |                      |         |            |           |          |      |                  |              |                   |              |
| A6         |              | High Range | VCCO_35                      | VCCO        |             |      35 |            |      |                     |                      |   any** |            |           |          |      |                  |              |                   |              |
| A7         |              | High Range | IO_L1N_T0_AD4N_35            | User IO     |             |      35 |            |      |                     |                      |         |            |           |          |      |                  |              |                   |              |
| A8         |              | High Range | IO_L2P_T0_AD8P_15            | User IO     |             |      15 |            |      |                     |                      |         |            |           |          |      |                  |              |                   |              |
| A9         |              | High Range | IO_L2N_T0_AD8N_15            | User IO     |             |      15 |            |      |                     |                      |         |            |           |          |      |                  |              |                   |              |
| A10        |              | High Range | IO_L3N_T0_DQS_AD1N_15        | User IO     |             |      15 |            |      |                     |                      |         |            |           |          |      |                  |              |                   |              |
| A11        |              |            | GND                          | GND         |             |         |            |      |                     |                      |     0.0 |            |           |          |      |                  |              |                   |              |
| A12        |              | High Range | IO_L5N_T0_AD9N_15            | User IO     |             |      15 |            |      |                     |                      |         |            |           |          |      |                  |              |                   |              |
| A13        |              | High Range | IO_L7P_T1_AD2P_15            | User IO     |             |      15 |            |      |                     |                      |         |            |           |          |      |                  |              |                   |              |
| A14        |              | High Range | IO_L7N_T1_AD2N_15            | User IO     |             |      15 |            |      |                     |                      |         |            |           |          |      |                  |              |                   |              |
| A15        |              | High Range | IO_L9N_T1_DQS_AD3N_15        | User IO     |             |      15 |            |      |                     |                      |         |            |           |          |      |                  |              |                   |              |
| A16        |              | High Range | VCCO_15                      | VCCO        |             |      15 |            |      |                     |                      |    3.30 |            |           |          |      |                  |              |                   |              |
| B1         |              | High Range | IO_L9N_T1_DQS_AD7N_35        | User IO     |             |      35 |            |      |                     |                      |         |            |           |          |      |                  |              |                   |              |
| B2         |              | High Range | IO_L8P_T1_AD14P_35           | User IO     |             |      35 |            |      |                     |                      |         |            |           |          |      |                  |              |                   |              |
| B3         |              | High Range | VCCO_35                      | VCCO        |             |      35 |            |      |                     |                      |   any** |            |           |          |      |                  |              |                   |              |
| B4         |              | High Range | IO_L4P_T0_35                 | User IO     |             |      35 |            |      |                     |                      |         |            |           |          |      |                  |              |                   |              |
| B5         |              | High Range | IO_L2N_T0_AD12N_35           | User IO     |             |      35 |            |      |                     |                      |         |            |           |          |      |                  |              |                   |              |
| B6         |              | High Range | IO_L2P_T0_AD12P_35           | User IO     |             |      35 |            |      |                     |                      |         |            |           |          |      |                  |              |                   |              |
| B7         |              | High Range | IO_L1P_T0_AD4P_35            | User IO     |             |      35 |            |      |                     |                      |         |            |           |          |      |                  |              |                   |              |
| B8         |              |            | GND                          | GND         |             |         |            |      |                     |                      |     0.0 |            |           |          |      |                  |              |                   |              |
| B9         |              | High Range | IO_L3P_T0_DQS_AD1P_15        | User IO     |             |      15 |            |      |                     |                      |         |            |           |          |      |                  |              |                   |              |
| B10        | ck_io[10]    | High Range | IO_L4P_T0_15                 | BIDIR       | LVCMOS33    |      15 |          4 | SLOW |                     |                 NONE |         | FIXED      |           |          |      | NONE             |              |                   |              |
| B11        | ck_io[9]     | High Range | IO_L4N_T0_15                 | BIDIR       | LVCMOS33    |      15 |          4 | SLOW |                     |                 NONE |         | FIXED      |           |          |      | NONE             |              |                   |              |
| B12        |              | High Range | IO_L5P_T0_AD9P_15            | User IO     |             |      15 |            |      |                     |                      |         |            |           |          |      |                  |              |                   |              |
| B13        |              | High Range | VCCO_15                      | VCCO        |             |      15 |            |      |                     |                      |    3.30 |            |           |          |      |                  |              |                   |              |
| B14        |              | High Range | IO_L8N_T1_AD10N_15           | User IO     |             |      15 |            |      |                     |                      |         |            |           |          |      |                  |              |                   |              |
| B15        |              | High Range | IO_L9P_T1_DQS_AD3P_15        | User IO     |             |      15 |            |      |                     |                      |         |            |           |          |      |                  |              |                   |              |
| B16        |              | High Range | IO_L10N_T1_AD11N_15          | User IO     |             |      15 |            |      |                     |                      |         |            |           |          |      |                  |              |                   |              |
| C1         |              | High Range | IO_L9P_T1_DQS_AD7P_35        | User IO     |             |      35 |            |      |                     |                      |         |            |           |          |      |                  |              |                   |              |
| C2         |              | High Range | IO_L7N_T1_AD6N_35            | User IO     |             |      35 |            |      |                     |                      |         |            |           |          |      |                  |              |                   |              |
| C3         |              | High Range | IO_L7P_T1_AD6P_35            | User IO     |             |      35 |            |      |                     |                      |         |            |           |          |      |                  |              |                   |              |
| C4         |              | High Range | IO_L12N_T1_MRCC_35           | User IO     |             |      35 |            |      |                     |                      |         |            |           |          |      |                  |              |                   |              |
| C5         |              |            | GND                          | GND         |             |         |            |      |                     |                      |     0.0 |            |           |          |      |                  |              |                   |              |
| C6         |              | High Range | IO_L5N_T0_AD13N_35           | User IO     |             |      35 |            |      |                     |                      |         |            |           |          |      |                  |              |                   |              |
| C7         |              | High Range | IO_L5P_T0_AD13P_35           | User IO     |             |      35 |            |      |                     |                      |         |            |           |          |      |                  |              |                   |              |
| C8         |              | High Range | IO_L1P_T0_AD0P_15            | User IO     |             |      15 |            |      |                     |                      |         |            |           |          |      |                  |              |                   |              |
| C9         |              | High Range | IO_L1N_T0_AD0N_15            | User IO     |             |      15 |            |      |                     |                      |         |            |           |          |      |                  |              |                   |              |
| C10        |              | High Range | VCCO_15                      | VCCO        |             |      15 |            |      |                     |                      |    3.30 |            |           |          |      |                  |              |                   |              |
| C11        | ck_io[6]     | High Range | IO_L11P_T1_SRCC_15           | BIDIR       | LVCMOS33    |      15 |          4 | SLOW |                     |                 NONE |         | FIXED      |           |          |      | NONE             |              |                   |              |
| C12        | ck_io[5]     | High Range | IO_L11N_T1_SRCC_15           | BIDIR       | LVCMOS33    |      15 |          4 | SLOW |                     |                 NONE |         | FIXED      |           |          |      | NONE             |              |                   |              |
| C13        |              | High Range | IO_L12N_T1_MRCC_15           | User IO     |             |      15 |            |      |                     |                      |         |            |           |          |      |                  |              |                   |              |
| C14        |              | High Range | IO_L8P_T1_AD10P_15           | User IO     |             |      15 |            |      |                     |                      |         |            |           |          |      |                  |              |                   |              |
| C15        |              |            | GND                          | GND         |             |         |            |      |                     |                      |     0.0 |            |           |          |      |                  |              |                   |              |
| C16        |              | High Range | IO_L10P_T1_AD11P_15          | User IO     |             |      15 |            |      |                     |                      |         |            |           |          |      |                  |              |                   |              |
| D1         |              | High Range | IO_L10N_T1_AD15N_35          | User IO     |             |      35 |            |      |                     |                      |         |            |           |          |      |                  |              |                   |              |
| D2         |              |            | GND                          | GND         |             |         |            |      |                     |                      |     0.0 |            |           |          |      |                  |              |                   |              |
| D3         |              | High Range | IO_L11N_T1_SRCC_35           | User IO     |             |      35 |            |      |                     |                      |         |            |           |          |      |                  |              |                   |              |
| D4         |              | High Range | IO_L12P_T1_MRCC_35           | User IO     |             |      35 |            |      |                     |                      |         |            |           |          |      |                  |              |                   |              |
| D5         |              | High Range | IO_L6N_T0_VREF_35            | User IO     |             |      35 |            |      |                     |                      |         |            |           |          |      |                  |              |                   |              |
| D6         |              | High Range | IO_L6P_T0_35                 | User IO     |             |      35 |            |      |                     |                      |         |            |           |          |      |                  |              |                   |              |
| D7         |              | High Range | VCCO_35                      | VCCO        |             |      35 |            |      |                     |                      |   any** |            |           |          |      |                  |              |                   |              |
| D8         | ck_io[8]     | High Range | IO_L6P_T0_15                 | BIDIR       | LVCMOS33    |      15 |          4 | SLOW |                     |                 NONE |         | FIXED      |           |          |      | NONE             |              |                   |              |
| D9         | ck_io[7]     | High Range | IO_L6N_T0_VREF_15            | BIDIR       | LVCMOS33    |      15 |          4 | SLOW |                     |                 NONE |         | FIXED      |           |          |      | NONE             |              |                   |              |
| D10        | led2_b       | High Range | IO_0_15                      | OUTPUT      | LVCMOS33    |      15 |          4 | SLOW |                     |                 NONE |         | FIXED      |           |          |      | NONE             |              |                   |              |
| D11        | ja_0         | High Range | IO_L14N_T2_SRCC_15           | BIDIR       | LVCMOS33    |      15 |          4 | SLOW |                     |                 NONE |         | FIXED      |           |          |      | NONE             |              |                   |              |
| D12        |              |            | GND                          | GND         |             |         |            |      |                     |                      |     0.0 |            |           |          |      |                  |              |                   |              |
| D13        | ck_io[19]    | High Range | IO_L12P_T1_MRCC_15           | BIDIR       | LVCMOS33    |      15 |          4 | SLOW |                     |                 NONE |         | FIXED      |           |          |      | NONE             |              |                   |              |
| D14        | ck_sck       | High Range | IO_L15P_T2_DQS_15            | BIDIR       | LVCMOS33    |      15 |          4 | SLOW |                     |                 NONE |         | FIXED      |           |          |      | NONE             |              |                   |              |
| D15        | ja_1         | High Range | IO_L15N_T2_DQS_ADV_B_15      | BIDIR       | LVCMOS33    |      15 |          4 | SLOW |                     |                 NONE |         | FIXED      |           |          |      | NONE             |              |                   |              |
| D16        |              | High Range | IO_L17N_T2_A25_15            | User IO     |             |      15 |            |      |                     |                      |         |            |           |          |      |                  |              |                   |              |
| E1         |              | High Range | IO_L15N_T2_DQS_35            | User IO     |             |      35 |            |      |                     |                      |         |            |           |          |      |                  |              |                   |              |
| E2         |              | High Range | IO_L10P_T1_AD15P_35          | User IO     |             |      35 |            |      |                     |                      |         |            |           |          |      |                  |              |                   |              |
| E3         |              | High Range | IO_L11P_T1_SRCC_35           | User IO     |             |      35 |            |      |                     |                      |         |            |           |          |      |                  |              |                   |              |
| E4         |              | High Range | VCCO_35                      | VCCO        |             |      35 |            |      |                     |                      |   any** |            |           |          |      |                  |              |                   |              |
| E5         |              | High Range | IO_L13N_T2_MRCC_35           | User IO     |             |      35 |            |      |                     |                      |         |            |           |          |      |                  |              |                   |              |
| E6         |              | High Range | IO_0_35                      | User IO     |             |      35 |            |      |                     |                      |         |            |           |          |      |                  |              |                   |              |
| E7         |              | Dedicated  | CFGBVS_0                     | Config      |             |       0 |            |      |                     |                      |         |            |           |          |      |                  |              |                   |              |
| E8         |              | Dedicated  | CCLK_0                       | Config      |             |       0 |            |      |                     |                      |         |            |           |          |      |                  |              |                   |              |
| E9         |              |            | GND                          | GND         |             |         |            |      |                     |                      |     0.0 |            |           |          |      |                  |              |                   |              |
| E10        |              |            | VCCBRAM                      | VCCBRAM     |             |         |            |      |                     |                      |         |            |           |          |      |                  |              |                   |              |
| E11        |              | High Range | IO_L14P_T2_SRCC_15           | User IO     |             |      15 |            |      |                     |                      |         |            |           |          |      |                  |              |                   |              |
| E12        |              | High Range | IO_L13P_T2_MRCC_15           | User IO     |             |      15 |            |      |                     |                      |         |            |           |          |      |                  |              |                   |              |
| E13        | ck_ss        | High Range | IO_L13N_T2_MRCC_15           | BIDIR       | LVCMOS33    |      15 |          4 | SLOW |                     |                 NONE |         | FIXED      |           |          |      | NONE             |              |                   |              |
| E14        |              | High Range | VCCO_15                      | VCCO        |             |      15 |            |      |                     |                      |    3.30 |            |           |          |      |                  |              |                   |              |
| E15        |              | High Range | IO_L18N_T2_A23_15            | User IO     |             |      15 |            |      |                     |                      |         |            |           |          |      |                  |              |                   |              |
| E16        |              | High Range | IO_L17P_T2_A26_15            | User IO     |             |      15 |            |      |                     |                      |         |            |           |          |      |                  |              |                   |              |
| F1         |              | High Range | VCCO_35                      | VCCO        |             |      35 |            |      |                     |                      |   any** |            |           |          |      |                  |              |                   |              |
| F2         |              | High Range | IO_L15P_T2_DQS_35            | User IO     |             |      35 |            |      |                     |                      |         |            |           |          |      |                  |              |                   |              |
| F3         |              | High Range | IO_L14N_T2_SRCC_35           | User IO     |             |      35 |            |      |                     |                      |         |            |           |          |      |                  |              |                   |              |
| F4         |              | High Range | IO_L14P_T2_SRCC_35           | User IO     |             |      35 |            |      |                     |                      |         |            |           |          |      |                  |              |                   |              |
| F5         |              | High Range | IO_L13P_T2_MRCC_35           | User IO     |             |      35 |            |      |                     |                      |         |            |           |          |      |                  |              |                   |              |
| F6         |              |            | GND                          | GND         |             |         |            |      |                     |                      |     0.0 |            |           |          |      |                  |              |                   |              |
| F7         |              |            | VCCINT                       | VCCINT      |             |         |            |      |                     |                      |         |            |           |          |      |                  |              |                   |              |
| F8         |              | Dedicated  | VCCBATT_0                    | Config      |             |       0 |            |      |                     |                      |         |            |           |          |      |                  |              |                   |              |
| F9         |              |            | VCCINT                       | VCCINT      |             |         |            |      |                     |                      |         |            |           |          |      |                  |              |                   |              |
| F10        |              |            | GND                          | GND         |             |         |            |      |                     |                      |     0.0 |            |           |          |      |                  |              |                   |              |
| F11        |              |            | VCCBRAM                      | VCCBRAM     |             |         |            |      |                     |                      |         |            |           |          |      |                  |              |                   |              |
| F12        | ck_io[16]    | High Range | IO_L16P_T2_A28_15            | BIDIR       | LVCMOS33    |      15 |          4 | SLOW |                     |                 NONE |         | FIXED      |           |          |      | NONE             |              |                   |              |
| F13        | jd_6         | High Range | IO_L16N_T2_A27_15            | INPUT       | LVCMOS33    |      15 |            |      |                     |                 NONE |         | FIXED      |           |          |      | NONE             |              |                   |              |
| F14        |              | High Range | IO_L21N_T3_DQS_A18_15        | User IO     |             |      15 |            |      |                     |                      |         |            |           |          |      |                  |              |                   |              |
| F15        |              | High Range | IO_L18P_T2_A24_15            | User IO     |             |      15 |            |      |                     |                      |         |            |           |          |      |                  |              |                   |              |
| F16        |              |            | GND                          | GND         |             |         |            |      |                     |                      |     0.0 |            |           |          |      |                  |              |                   |              |
| G1         |              | High Range | IO_L17N_T2_35                | User IO     |             |      35 |            |      |                     |                      |         |            |           |          |      |                  |              |                   |              |
| G2         |              | High Range | IO_L17P_T2_35                | User IO     |             |      35 |            |      |                     |                      |         |            |           |          |      |                  |              |                   |              |
| G3         |              |            | GND                          | GND         |             |         |            |      |                     |                      |     0.0 |            |           |          |      |                  |              |                   |              |
| G4         |              | High Range | IO_L16N_T2_35                | User IO     |             |      35 |            |      |                     |                      |         |            |           |          |      |                  |              |                   |              |
| G5         |              | High Range | IO_L16P_T2_35                | User IO     |             |      35 |            |      |                     |                      |         |            |           |          |      |                  |              |                   |              |
| G6         |              |            | VCCINT                       | VCCINT      |             |         |            |      |                     |                      |         |            |           |          |      |                  |              |                   |              |
| G7         |              | Dedicated  | GNDADC_0                     | XADC        |             |       0 |            |      |                     |                      |         |            |           |          |      |                  |              |                   |              |
| G8         |              | Dedicated  | VCCADC_0                     | XADC        |             |       0 |            |      |                     |                      |         |            |           |          |      |                  |              |                   |              |
| G9         |              |            | GND                          | GND         |             |         |            |      |                     |                      |     0.0 |            |           |          |      |                  |              |                   |              |
| G10        |              |            | VCCAUX                       | VCCAUX      |             |         |            |      |                     |                      |    1.80 |            |           |          |      |                  |              |                   |              |
| G11        |              | High Range | IO_25_15                     | User IO     |             |      15 |            |      |                     |                      |         |            |           |          |      |                  |              |                   |              |
| G12        |              | High Range | IO_L19N_T3_A21_VREF_15       | User IO     |             |      15 |            |      |                     |                      |         |            |           |          |      |                  |              |                   |              |
| G13        |              |            | GND                          | GND         |             |         |            |      |                     |                      |     0.0 |            |           |          |      |                  |              |                   |              |
| G14        |              | High Range | IO_L21P_T3_DQS_15            | User IO     |             |      15 |            |      |                     |                      |         |            |           |          |      |                  |              |                   |              |
| G15        |              | High Range | IO_L24N_T3_RS0_15            | User IO     |             |      15 |            |      |                     |                      |         |            |           |          |      |                  |              |                   |              |
| G16        |              | High Range | IO_L22N_T3_A16_15            | User IO     |             |      15 |            |      |                     |                      |         |            |           |          |      |                  |              |                   |              |
| H1         |              | High Range | IO_L20N_T3_35                | User IO     |             |      35 |            |      |                     |                      |         |            |           |          |      |                  |              |                   |              |
| H2         |              | High Range | IO_L20P_T3_35                | User IO     |             |      35 |            |      |                     |                      |         |            |           |          |      |                  |              |                   |              |
| H3         |              | High Range | IO_L21N_T3_DQS_35            | User IO     |             |      35 |            |      |                     |                      |         |            |           |          |      |                  |              |                   |              |
| H4         |              | High Range | IO_L18N_T2_35                | User IO     |             |      35 |            |      |                     |                      |         |            |           |          |      |                  |              |                   |              |
| H5         |              | High Range | IO_L18P_T2_35                | User IO     |             |      35 |            |      |                     |                      |         |            |           |          |      |                  |              |                   |              |
| H6         |              |            | GND                          | GND         |             |         |            |      |                     |                      |     0.0 |            |           |          |      |                  |              |                   |              |
| H7         |              | Dedicated  | VREFN_0                      | XADC        |             |       0 |            |      |                     |                      |         |            |           |          |      |                  |              |                   |              |
| H8         |              | Dedicated  | VP_0                         | XADC        |             |       0 |            |      |                     |                      |         |            |           |          |      |                  |              |                   |              |
| H9         |              |            | VCCINT                       | VCCINT      |             |         |            |      |                     |                      |         |            |           |          |      |                  |              |                   |              |
| H10        |              | Dedicated  | DONE_0                       | Config      |             |       0 |            |      |                     |                      |         |            |           |          |      |                  |              |                   |              |
| H11        |              | High Range | IO_L19P_T3_A22_15            | User IO     |             |      15 |            |      |                     |                      |         |            |           |          |      |                  |              |                   |              |
| H12        |              | High Range | IO_L20P_T3_A20_15            | User IO     |             |      15 |            |      |                     |                      |         |            |           |          |      |                  |              |                   |              |
| H13        |              | High Range | IO_L20N_T3_A19_15            | User IO     |             |      15 |            |      |                     |                      |         |            |           |          |      |                  |              |                   |              |
| H14        |              | High Range | IO_L24P_T3_RS1_15            | User IO     |             |      15 |            |      |                     |                      |         |            |           |          |      |                  |              |                   |              |
| H15        |              | High Range | VCCO_15                      | VCCO        |             |      15 |            |      |                     |                      |    3.30 |            |           |          |      |                  |              |                   |              |
| H16        |              | High Range | IO_L22P_T3_A17_15            | User IO     |             |      15 |            |      |                     |                      |         |            |           |          |      |                  |              |                   |              |
| J1         |              | High Range | IO_L22N_T3_35                | User IO     |             |      35 |            |      |                     |                      |         |            |           |          |      |                  |              |                   |              |
| J2         |              | High Range | VCCO_35                      | VCCO        |             |      35 |            |      |                     |                      |   any** |            |           |          |      |                  |              |                   |              |
| J3         |              | High Range | IO_L21P_T3_DQS_35            | User IO     |             |      35 |            |      |                     |                      |         |            |           |          |      |                  |              |                   |              |
| J4         |              | High Range | IO_L19N_T3_VREF_35           | User IO     |             |      35 |            |      |                     |                      |         |            |           |          |      |                  |              |                   |              |
| J5         |              | High Range | IO_L19P_T3_35                | User IO     |             |      35 |            |      |                     |                      |         |            |           |          |      |                  |              |                   |              |
| J6         |              |            | VCCINT                       | VCCINT      |             |         |            |      |                     |                      |         |            |           |          |      |                  |              |                   |              |
| J7         |              | Dedicated  | VN_0                         | XADC        |             |       0 |            |      |                     |                      |         |            |           |          |      |                  |              |                   |              |
| J8         |              | Dedicated  | VREFP_0                      | XADC        |             |       0 |            |      |                     |                      |         |            |           |          |      |                  |              |                   |              |
| J9         |              |            | GND                          | GND         |             |         |            |      |                     |                      |     0.0 |            |           |          |      |                  |              |                   |              |
| J10        |              |            | VCCAUX                       | VCCAUX      |             |         |            |      |                     |                      |    1.80 |            |           |          |      |                  |              |                   |              |
| J11        |              |            | GND                          | GND         |             |         |            |      |                     |                      |     0.0 |            |           |          |      |                  |              |                   |              |
| J12        |              | High Range | VCCO_15                      | VCCO        |             |      15 |            |      |                     |                      |    3.30 |            |           |          |      |                  |              |                   |              |
| J13        |              | High Range | IO_L1P_T0_D00_MOSI_14        | User IO     |             |      14 |            |      |                     |                      |         |            |           |          |      |                  |              |                   |              |
| J14        |              | High Range | IO_L1N_T0_D01_DIN_14         | User IO     |             |      14 |            |      |                     |                      |         |            |           |          |      |                  |              |                   |              |
| J15        |              | High Range | IO_L23P_T3_FOE_B_15          | User IO     |             |      15 |            |      |                     |                      |         |            |           |          |      |                  |              |                   |              |
| J16        |              | High Range | IO_L23N_T3_FWE_B_15          | User IO     |             |      15 |            |      |                     |                      |         |            |           |          |      |                  |              |                   |              |
| K1         |              | High Range | IO_L22P_T3_35                | User IO     |             |      35 |            |      |                     |                      |         |            |           |          |      |                  |              |                   |              |
| K2         |              | High Range | IO_L24N_T3_35                | User IO     |             |      35 |            |      |                     |                      |         |            |           |          |      |                  |              |                   |              |
| K3         |              | High Range | IO_L24P_T3_35                | User IO     |             |      35 |            |      |                     |                      |         |            |           |          |      |                  |              |                   |              |
| K4         |              |            | GND                          | GND         |             |         |            |      |                     |                      |     0.0 |            |           |          |      |                  |              |                   |              |
| K5         |              | High Range | IO_25_35                     | User IO     |             |      35 |            |      |                     |                      |         |            |           |          |      |                  |              |                   |              |
| K6         |              |            | GND                          | GND         |             |         |            |      |                     |                      |     0.0 |            |           |          |      |                  |              |                   |              |
| K7         |              | Dedicated  | DXN_0                        | Temp Sensor |             |       0 |            |      |                     |                      |         |            |           |          |      |                  |              |                   |              |
| K8         |              | Dedicated  | DXP_0                        | Temp Sensor |             |       0 |            |      |                     |                      |         |            |           |          |      |                  |              |                   |              |
| K9         |              |            | VCCINT                       | VCCINT      |             |         |            |      |                     |                      |         |            |           |          |      |                  |              |                   |              |
| K10        |              | Dedicated  | INIT_B_0                     | Config      |             |       0 |            |      |                     |                      |         |            |           |          |      |                  |              |                   |              |
| K11        |              |            | VCCAUX                       | VCCAUX      |             |         |            |      |                     |                      |    1.80 |            |           |          |      |                  |              |                   |              |
| K12        | led2_r       | High Range | IO_0_14                      | OUTPUT      | LVCMOS33    |      14 |          4 | SLOW |                     |                 NONE |         | FIXED      |           |          |      | NONE             |              |                   |              |
| K13        | sw_3         | High Range | IO_L5P_T0_D06_14             | BIDIR       | LVCMOS33    |      14 |          4 | SLOW |                     |                 NONE |         | FIXED      |           |          |      | NONE             |              |                   |              |
| K14        |              |            | GND                          | GND         |             |         |            |      |                     |                      |     0.0 |            |           |          |      |                  |              |                   |              |
| K15        |              | High Range | IO_L2P_T0_D02_14             | User IO     |             |      14 |            |      |                     |                      |         |            |           |          |      |                  |              |                   |              |
| K16        |              | High Range | IO_L2N_T0_D03_14             | User IO     |             |      14 |            |      |                     |                      |         |            |           |          |      |                  |              |                   |              |
| L1         |              |            | GND                          | GND         |             |         |            |      |                     |                      |     0.0 |            |           |          |      |                  |              |                   |              |
| L2         |              | High Range | IO_L23N_T3_35                | User IO     |             |      35 |            |      |                     |                      |         |            |           |          |      |                  |              |                   |              |
| L3         |              | High Range | IO_L23P_T3_35                | User IO     |             |      35 |            |      |                     |                      |         |            |           |          |      |                  |              |                   |              |
| L4         | jd_1         | High Range | IO_L1P_T0_34                 | BIDIR       | LVCMOS33    |      34 |          4 | SLOW |                     |                 NONE |         | FIXED      |           |          |      | NONE             |              |                   |              |
| L5         | led0_g       | High Range | IO_0_34                      | OUTPUT      | LVCMOS33    |      34 |          4 | SLOW |                     |                 NONE |         | FIXED      |           |          |      | NONE             |              |                   |              |
| L6         |              | Dedicated  | VCCO_0                       | VCCO        |             |       0 |            |      |                     |                      |   any** |            |           |          |      |                  |              |                   |              |
| L7         |              | Dedicated  | TCK_0                        | Config      |             |       0 |            |      |                     |                      |         |            |           |          |      |                  |              |                   |              |
| L8         |              |            | VCCINT                       | VCCINT      |             |         |            |      |                     |                      |         |            |           |          |      |                  |              |                   |              |
| L9         |              | Dedicated  | PROGRAM_B_0                  | Config      |             |       0 |            |      |                     |                      |         |            |           |          |      |                  |              |                   |              |
| L10        |              |            | VCCAUX                       | VCCAUX      |             |         |            |      |                     |                      |    1.80 |            |           |          |      |                  |              |                   |              |
| L11        |              |            | GND                          | GND         |             |         |            |      |                     |                      |     0.0 |            |           |          |      |                  |              |                   |              |
| L12        |              | High Range | IO_L6P_T0_FCS_B_14           | User IO     |             |      14 |            |      |                     |                      |         |            |           |          |      |                  |              |                   |              |
| L13        | ck_rst       | High Range | IO_L5N_T0_D07_14             | INPUT       | LVCMOS33    |      14 |            |      |                     |                 NONE |         | FIXED      |           |          |      | NONE             |              |                   |              |
| L14        | sw_2         | High Range | IO_L4P_T0_D04_14             | BIDIR       | LVCMOS33    |      14 |          4 | SLOW |                     |                 NONE |         | FIXED      |           |          |      | NONE             |              |                   |              |
| L15        |              | High Range | IO_L3P_T0_DQS_PUDC_B_14      | User IO     |             |      14 |            |      |                     |                      |         |            |           |          |      |                  |              |                   |              |
| L16        |              | High Range | VCCO_14                      | VCCO        |             |      14 |            |      |                     |                      |    3.30 |            |           |          |      |                  |              |                   |              |
| M1         | jd_0         | High Range | IO_L2N_T0_34                 | BIDIR       | LVCMOS33    |      34 |          4 | SLOW |                     |                 NONE |         | FIXED      |           |          |      | NONE             |              |                   |              |
| M2         | led0_b       | High Range | IO_L2P_T0_34                 | OUTPUT      | LVCMOS33    |      34 |          4 | SLOW |                     |                 NONE |         | FIXED      |           |          |      | NONE             |              |                   |              |
| M3         |              | High Range | VCCO_34                      | VCCO        |             |      34 |            |      |                     |                      |    3.30 |            |           |          |      |                  |              |                   |              |
| M4         |              | High Range | IO_L1N_T0_34                 | User IO     |             |      34 |            |      |                     |                      |         |            |           |          |      |                  |              |                   |              |
| M5         | qspi_cs      | High Range | IO_L6P_T0_34                 | OUTPUT      | LVCMOS33    |      34 |          4 | SLOW |                     |                 NONE |         | FIXED      |           |          |      | NONE             |              |                   |              |
| M6         | ck_io[17]    | High Range | IO_L19P_T3_A10_D26_14        | BIDIR       | LVCMOS33    |      14 |          4 | SLOW |                     |                 NONE |         | FIXED      |           |          |      | NONE             |              |                   |              |
| M7         |              | Dedicated  | TMS_0                        | Config      |             |       0 |            |      |                     |                      |         |            |           |          |      |                  |              |                   |              |
| M8         |              |            | GND                          | GND         |             |         |            |      |                     |                      |     0.0 |            |           |          |      |                  |              |                   |              |
| M9         |              | Dedicated  | M0_0                         | Config      |             |       0 |            |      |                     |                      |         |            |           |          |      |                  |              |                   |              |
| M10        |              | Dedicated  | M1_0                         | Config      |             |       0 |            |      |                     |                      |         |            |           |          |      |                  |              |                   |              |
| M11        |              | Dedicated  | M2_0                         | Config      |             |       0 |            |      |                     |                      |         |            |           |          |      |                  |              |                   |              |
| M12        |              | High Range | IO_L6N_T0_D08_VREF_14        | User IO     |             |      14 |            |      |                     |                      |         |            |           |          |      |                  |              |                   |              |
| M13        |              | High Range | VCCO_14                      | VCCO        |             |      14 |            |      |                     |                      |    3.30 |            |           |          |      |                  |              |                   |              |
| M14        | sw_1         | High Range | IO_L4N_T0_D05_14             | BIDIR       | LVCMOS33    |      14 |          4 | SLOW |                     |                 NONE |         | FIXED      |           |          |      | NONE             |              |                   |              |
| M15        | btn_0        | High Range | IO_L3N_T0_DQS_EMCCLK_14      | BIDIR       | LVCMOS33    |      14 |          4 | SLOW |                     |                 NONE |         | FIXED      |           |          |      | NONE             |              |                   |              |
| M16        | led_0        | High Range | IO_L7P_T1_D09_14             | BIDIR       | LVCMOS33    |      14 |          4 | SLOW |                     |                 NONE |         | FIXED      |           |          |      | NONE             |              |                   |              |
| N1         | qspi_dq[0]   | High Range | IO_L4P_T0_34                 | BIDIR       | LVCMOS33    |      34 |          4 | SLOW |                     |                 NONE |         | FIXED      | PULLUP    |          |      | NONE             |              |                   |              |
| N2         | jd_4         | High Range | IO_L3N_T0_DQS_34             | BIDIR       | LVCMOS33    |      34 |          4 | SLOW |                     |                 NONE |         | FIXED      | PULLUP    |          |      | NONE             |              |                   |              |
| N3         | jd_5         | High Range | IO_L3P_T0_DQS_34             | BIDIR       | LVCMOS33    |      34 |          4 | SLOW |                     |                 NONE |         | FIXED      | PULLUP    |          |      | NONE             |              |                   |              |
| N4         | qspi_sck     | High Range | IO_L6N_T0_VREF_34            | OUTPUT      | LVCMOS33    |      34 |          4 | SLOW |                     |                 NONE |         | FIXED      |           |          |      | NONE             |              |                   |              |
| N5         |              |            | GND                          | GND         |             |         |            |      |                     |                      |     0.0 |            |           |          |      |                  |              |                   |              |
| N6         | ck_io[18]    | High Range | IO_L19N_T3_A09_D25_VREF_14   | BIDIR       | LVCMOS33    |      14 |          4 | SLOW |                     |                 NONE |         | FIXED      |           |          |      | NONE             |              |                   |              |
| N7         |              | Dedicated  | TDI_0                        | Config      |             |       0 |            |      |                     |                      |         |            |           |          |      |                  |              |                   |              |
| N8         |              | Dedicated  | TDO_0                        | Config      |             |       0 |            |      |                     |                      |         |            |           |          |      |                  |              |                   |              |
| N9         | uart_rxd_out | High Range | IO_L18P_T2_A12_D28_14        | OUTPUT      | LVCMOS33    |      14 |          4 | SLOW |                     |                 NONE |         | FIXED      |           |          |      | NONE             |              |                   |              |
| N10        |              | High Range | VCCO_14                      | VCCO        |             |      14 |            |      |                     |                      |    3.30 |            |           |          |      |                  |              |                   |              |
| N11        | jd_2         | High Range | IO_L13P_T2_MRCC_14           | BIDIR       | LVCMOS33    |      14 |          4 | SLOW |                     |                 NONE |         | FIXED      | PULLUP    |          |      | NONE             |              |                   |              |
| N12        | led1_b       | High Range | IO_L13N_T2_MRCC_14           | OUTPUT      | LVCMOS33    |      14 |          4 | SLOW |                     |                 NONE |         | FIXED      |           |          |      | NONE             |              |                   |              |
| N13        | ck_io[13]    | High Range | IO_L11P_T1_SRCC_14           | BIDIR       | LVCMOS33    |      14 |          4 | SLOW |                     |                 NONE |         | FIXED      |           |          |      | NONE             |              |                   |              |
| N14        | CLK100MHZ    | High Range | IO_L12P_T1_MRCC_14           | INPUT       | LVCMOS33    |      14 |            |      |                     |                 NONE |         | FIXED      |           |          |      | NONE             |              |                   |              |
| N15        |              |            | GND                          | GND         |             |         |            |      |                     |                      |     0.0 |            |           |          |      |                  |              |                   |              |
| N16        | led_1        | High Range | IO_L7N_T1_D10_14             | BIDIR       | LVCMOS33    |      14 |          4 | SLOW |                     |                 NONE |         | FIXED      |           |          |      | NONE             |              |                   |              |
| P1         | qspi_dq[1]   | High Range | IO_L4N_T0_34                 | BIDIR       | LVCMOS33    |      34 |          4 | SLOW |                     |                 NONE |         | FIXED      | PULLUP    |          |      | NONE             |              |                   |              |
| P2         |              |            | GND                          | GND         |             |         |            |      |                     |                      |     0.0 |            |           |          |      |                  |              |                   |              |
| P3         | qspi_dq[3]   | High Range | IO_L5N_T0_34                 | BIDIR       | LVCMOS33    |      34 |          4 | SLOW |                     |                 NONE |         | FIXED      | PULLUP    |          |      | NONE             |              |                   |              |
| P4         | qspi_dq[2]   | High Range | IO_L5P_T0_34                 | BIDIR       | LVCMOS33    |      34 |          4 | SLOW |                     |                 NONE |         | FIXED      | PULLUP    |          |      | NONE             |              |                   |              |
| P5         | led0_r       | High Range | IO_L10P_T1_34                | OUTPUT      | LVCMOS33    |      34 |          4 | SLOW |                     |                 NONE |         | FIXED      |           |          |      | NONE             |              |                   |              |
| P6         | led2_g       | High Range | IO_25_14                     | OUTPUT      | LVCMOS33    |      14 |          4 | SLOW |                     |                 NONE |         | FIXED      |           |          |      | NONE             |              |                   |              |
| P7         |              | High Range | VCCO_14                      | VCCO        |             |      14 |            |      |                     |                      |    3.30 |            |           |          |      |                  |              |                   |              |
| P8         |              | High Range | IO_L20P_T3_A08_D24_14        | User IO     |             |      14 |            |      |                     |                      |         |            |           |          |      |                  |              |                   |              |
| P9         | uart_txd_in  | High Range | IO_L18N_T2_A11_D27_14        | INPUT       | LVCMOS33    |      14 |            |      |                     |                 NONE |         | FIXED      |           |          |      | NONE             |              |                   |              |
| P10        |              | High Range | IO_L14P_T2_SRCC_14           | User IO     |             |      14 |            |      |                     |                      |         |            |           |          |      |                  |              |                   |              |
| P11        |              | High Range | IO_L14N_T2_SRCC_14           | User IO     |             |      14 |            |      |                     |                      |         |            |           |          |      |                  |              |                   |              |
| P12        |              |            | GND                          | GND         |             |         |            |      |                     |                      |     0.0 |            |           |          |      |                  |              |                   |              |
| P13        | ck_io[14]    | High Range | IO_L11N_T1_SRCC_14           | BIDIR       | LVCMOS33    |      14 |          4 | SLOW |                     |                 NONE |         | FIXED      |           |          |      | NONE             |              |                   |              |
| P14        |              | High Range | IO_L12N_T1_MRCC_14           | User IO     |             |      14 |            |      |                     |                      |         |            |           |          |      |                  |              |                   |              |
| P15        | led_2        | High Range | IO_L8P_T1_D11_14             | BIDIR       | LVCMOS33    |      14 |          4 | SLOW |                     |                 NONE |         | FIXED      |           |          |      | NONE             |              |                   |              |
| P16        | led_3        | High Range | IO_L8N_T1_D12_14             | BIDIR       | LVCMOS33    |      14 |          4 | SLOW |                     |                 NONE |         | FIXED      |           |          |      | NONE             |              |                   |              |
| R1         |              | High Range | IO_L7N_T1_34                 | User IO     |             |      34 |            |      |                     |                      |         |            |           |          |      |                  |              |                   |              |
| R2         |              | High Range | IO_L7P_T1_34                 | User IO     |             |      34 |            |      |                     |                      |         |            |           |          |      |                  |              |                   |              |
| R3         |              | High Range | IO_L8P_T1_34                 | User IO     |             |      34 |            |      |                     |                      |         |            |           |          |      |                  |              |                   |              |
| R4         |              | High Range | VCCO_34                      | VCCO        |             |      34 |            |      |                     |                      |    3.30 |            |           |          |      |                  |              |                   |              |
| R5         | ck_miso      | High Range | IO_L23P_T3_A03_D19_14        | BIDIR       | LVCMOS33    |      14 |          4 | SLOW |                     |                 NONE |         | FIXED      |           |          |      | NONE             |              |                   |              |
| R6         | ck_io[1]     | High Range | IO_L24P_T3_A01_D17_14        | BIDIR       | LVCMOS33    |      14 |          4 | SLOW |                     |                 NONE |         | FIXED      |           |          |      | NONE             |              |                   |              |
| R7         | ck_io[2]     | High Range | IO_L24N_T3_A00_D16_14        | BIDIR       | LVCMOS33    |      14 |          4 | SLOW |                     |                 NONE |         | FIXED      |           |          |      | NONE             |              |                   |              |
| R8         |              | High Range | IO_L20N_T3_A07_D23_14        | User IO     |             |      14 |            |      |                     |                      |         |            |           |          |      |                  |              |                   |              |
| R9         |              |            | GND                          | GND         |             |         |            |      |                     |                      |     0.0 |            |           |          |      |                  |              |                   |              |
| R10        | ck_io[11]    | High Range | IO_L17P_T2_A14_D30_14        | BIDIR       | LVCMOS33    |      14 |          4 | SLOW |                     |                 NONE |         | FIXED      |           |          |      | NONE             |              |                   |              |
| R11        | ck_io[12]    | High Range | IO_L17N_T2_A13_D29_14        | BIDIR       | LVCMOS33    |      14 |          4 | SLOW |                     |                 NONE |         | FIXED      |           |          |      | NONE             |              |                   |              |
| R12        |              | High Range | IO_L15P_T2_DQS_RDWR_B_14     | User IO     |             |      14 |            |      |                     |                      |         |            |           |          |      |                  |              |                   |              |
| R13        | ck_io[3]     | High Range | IO_L16P_T2_CSI_B_14          | BIDIR       | LVCMOS33    |      14 |          4 | SLOW |                     |                 NONE |         | FIXED      |           |          |      | NONE             |              |                   |              |
| R14        |              | High Range | VCCO_14                      | VCCO        |             |      14 |            |      |                     |                      |    3.30 |            |           |          |      |                  |              |                   |              |
| R15        | btn_3        | High Range | IO_L9P_T1_DQS_14             | BIDIR       | LVCMOS33    |      14 |          4 | SLOW |                     |                 NONE |         | FIXED      |           |          |      | NONE             |              |                   |              |
| R16        | btn_2        | High Range | IO_L9N_T1_DQS_D13_14         | BIDIR       | LVCMOS33    |      14 |          4 | SLOW |                     |                 NONE |         | FIXED      |           |          |      | NONE             |              |                   |              |
| T1         |              | High Range | VCCO_34                      | VCCO        |             |      34 |            |      |                     |                      |    3.30 |            |           |          |      |                  |              |                   |              |
| T2         |              | High Range | IO_L8N_T1_34                 | User IO     |             |      34 |            |      |                     |                      |         |            |           |          |      |                  |              |                   |              |
| T3         | ck_io[4]     | High Range | IO_L9N_T1_DQS_34             | BIDIR       | LVCMOS33    |      34 |          4 | SLOW |                     |                 NONE |         | FIXED      |           |          |      | NONE             |              |                   |              |
| T4         |              | High Range | IO_L9P_T1_DQS_34             | User IO     |             |      34 |            |      |                     |                      |         |            |           |          |      |                  |              |                   |              |
| T5         | ck_io[0]     | High Range | IO_L23N_T3_A02_D18_14        | BIDIR       | LVCMOS33    |      14 |          4 | SLOW |                     |                 NONE |         | FIXED      |           |          |      | NONE             |              |                   |              |
| T6         |              |            | GND                          | GND         |             |         |            |      |                     |                      |     0.0 |            |           |          |      |                  |              |                   |              |
| T7         | ck_io[15]    | High Range | IO_L21P_T3_DQS_14            | BIDIR       | LVCMOS33    |      14 |          4 | SLOW |                     |                 NONE |         | FIXED      |           |          |      | NONE             |              |                   |              |
| T8         |              | High Range | IO_L21N_T3_DQS_A06_D22_14    | User IO     |             |      14 |            |      |                     |                      |         |            |           |          |      |                  |              |                   |              |
| T9         | led1_g       | High Range | IO_L22P_T3_A05_D21_14        | OUTPUT      | LVCMOS33    |      14 |          4 | SLOW |                     |                 NONE |         | FIXED      |           |          |      | NONE             |              |                   |              |
| T10        | led1_r       | High Range | IO_L22N_T3_A04_D20_14        | OUTPUT      | LVCMOS33    |      14 |          4 | SLOW |                     |                 NONE |         | FIXED      |           |          |      | NONE             |              |                   |              |
| T11        |              | High Range | VCCO_14                      | VCCO        |             |      14 |            |      |                     |                      |    3.30 |            |           |          |      |                  |              |                   |              |
| T12        | ck_mosi      | High Range | IO_L15N_T2_DQS_DOUT_CSO_B_14 | BIDIR       | LVCMOS33    |      14 |          4 | SLOW |                     |                 NONE |         | FIXED      |           |          |      | NONE             |              |                   |              |
| T13        |              | High Range | IO_L16N_T2_A15_D31_14        | User IO     |             |      14 |            |      |                     |                      |         |            |           |          |      |                  |              |                   |              |
| T14        | btn_1        | High Range | IO_L10P_T1_D14_14            | BIDIR       | LVCMOS33    |      14 |          4 | SLOW |                     |                 NONE |         | FIXED      |           |          |      | NONE             |              |                   |              |
| T15        | sw_0         | High Range | IO_L10N_T1_D15_14            | BIDIR       | LVCMOS33    |      14 |          4 | SLOW |                     |                 NONE |         | FIXED      |           |          |      | NONE             |              |                   |              |
| T16        |              |            | GND                          | GND         |             |         |            |      |                     |                      |     0.0 |            |           |          |      |                  |              |                   |              |
+------------+--------------+------------+------------------------------+-------------+-------------+---------+------------+------+---------------------+----------------------+---------+------------+-----------+----------+------+------------------+--------------+-------------------+--------------+
* Default value
** Special VCCO requirements may apply. Please consult the device family datasheet for specific guideline on VCCO requirements.


