MIG: 12:29:25 : Running customizer.xit
MIG: 12:29:25 : ################# RUNNING MIG INTERACTIVE ###################
MIG: 12:29:25 : Writing IN file for 'ddr3_controller_mig_7series_0_0'...compDirPath: f:/software/xilinx/Vivado/2018.1/data/ip/xilinx/mig_7series_v4_1... instDirPath: d:/vivado/35T_lab3/project/.Xil/Vivado-154976-DESKTOP-T0S5AKR/coregen/ddr3_controller_mig_7series_0_0
MIG: 12:29:25 : synp_flow:  -- synthesis_mode: Other
MIG: 12:29:25 : outputDirectory: d:/vivado/35T_lab3/project/.Xil/Vivado-154976-DESKTOP-T0S5AKR/coregen/ddr3_controller_mig_7series_0_0/_tmp/
MIG: 12:29:25 : vivado_mode: xpg_bd
MIG: 12:29:25 :  locked false  
MIG: 12:29:25 : HDL Language: Verilog
MIG: 12:29:26 : compInfo: false
MIG: 12:29:26 : relative mig path: coregen/ip/xilinx/other/com/xilinx/ip/mig_7series_v4_1/bin/nt64/mig.exe
MIG: 12:29:26 : xilinx_path: F:/software/xilinx/Vivado/2018.1/ids_lite/ISE
MIG: 12:29:26 : I am in catch area
MIG: 12:29:26 : Running F:/software/xilinx/Vivado/2018.1/ids_lite/ISE/coregen/ip/xilinx/other/com/xilinx/ip/mig_7series_v4_1/bin/nt64/mig.exe -cg_exc_inp d:/vivado/35T_lab3/project/.Xil/Vivado-154976-DESKTOP-T0S5AKR/coregen/ddr3_controller_mig_7series_0_0/xil_txt.in -cg_exc_out d:/vivado/35T_lab3/project/.Xil/Vivado-154976-DESKTOP-T0S5AKR/coregen/ddr3_controller_mig_7series_0_0/xil_txt.out ... 
MIG: 12:33:30 : Prasad before: xmlPropertyPrj -- .prj
MIG: 12:33:30 : Prasad After: xmlPropertyPrj -- mig_a.prj
MIG: 12:33:30 : XML_INPUT_FILE: d:/vivado/35T_lab3/project/.Xil/Vivado-154976-DESKTOP-T0S5AKR/coregen/ddr3_controller_mig_7series_0_0/mig_a.prj
MIG: 12:33:30 : Component_Name: ddr3_controller_mig_7series_0_0
MIG: 12:33:30 : Moving ddr3_controller_mig_7series_0_0 ...
MIG: 12:33:30 : Moving ddr3_controller_mig_7series_0_0.veo ...
MIG: 12:33:30 : Moving ddr3_controller_mig_7series_0_0_xmdf.tcl ...
MIG: 12:33:30 : Sending back 0
MIG: 12:33:31 : xml_input_file: mig_a.prj
MIG: 12:33:31 : Absolute path of xml_input_file: d:/vivado/35T_lab3/project/project_1.srcs/sources_1/bd/ddr3_controller/ip/ddr3_controller_mig_7series_0_0/mig_a.prj
MIG: 12:33:31 : xml_input_file: mig_a.prj
MIG: 12:33:31 : Absolute path of xml_input_file: d:/vivado/35T_lab3/project/project_1.srcs/sources_1/bd/ddr3_controller/ip/ddr3_controller_mig_7series_0_0/mig_a.prj
MIG: 12:33:31 : In updateAllModelParams
MIG: 12:33:31 : IGN:     <ModuleName>ddr3_controller_mig_7series_0_0</ModuleName> <==>     <ModuleName>ddr3_controller_mig_7series_0_0</ModuleName> 
MIG: 12:33:31 : IGN:         <InputClkFreq>200</InputClkFreq> <==>         <InputClkFreq>200</InputClkFreq> 
MIG: 12:33:31 : XGUI hdlLanguage: Verilog
MIG: 12:33:31 : xgui vivado_mode: xpg_bd
MIG: 12:33:31 : xgui hdlLanguage: Verilog -- hdlExt: v
MIG: 12:33:31 : Reading D:/vivado/35T_lab3/project/project_1.srcs/sources_1/bd/ddr3_controller/ip/ddr3_controller_mig_7series_0_0/ddr3_controller_mig_7series_0_0/user_design/rtl/ddr3_controller_mig_7series_0_0_mig.v ...
MIG: 12:33:32 : 1
MIG: 12:33:32 : Inside fn mem: DDR3
MIG: 12:33:32 : detect_uiclk: 100000000
MIG: 12:33:32 : cntrl:  memtype: DDR3
MIG: 12:33:32 : 800
MIG: 12:33:32 :  MMCM_VCO single ctrl param_name: MMCM_VCO --  possibleMaxVcoVal: 800 
MIG: 12:33:32 : 
MIG: 12:33:32 : 1
MIG: 12:33:32 : 100000000
MIG: 12:33:32 : 
MIG: 12:33:32 :  polarity_value: 1
MIG: 12:33:32 : 
MIG: 12:33:32 : 
MIG: 12:33:32 : cntrl:  memtype: DDR3
MIG: 12:33:32 : 
MIG: 12:33:32 :  Valid Param: DDR3_BANK_WIDTH ==> 3
MIG: 12:33:32 : 
MIG: 12:33:32 :  Valid Param: DDR3_CK_WIDTH ==> 1
MIG: 12:33:32 :  Invalid Param: DDR3_COL_WIDTH ==> 10
MIG: 12:33:32 : 
MIG: 12:33:32 :  Valid Param: DDR3_CS_WIDTH ==> 1
MIG: 12:33:32 : 
MIG: 12:33:32 :  Valid Param: DDR3_nCS_PER_RANK ==> 1
MIG: 12:33:32 : 
MIG: 12:33:32 :  Valid Param: DDR3_CKE_WIDTH ==> 1
MIG: 12:33:32 :  Invalid Param: DDR3_DATA_BUF_ADDR_WIDTH ==> 5
MIG: 12:33:32 :  Invalid Param: DDR3_DQ_CNT_WIDTH ==> 4
MIG: 12:33:32 :  Invalid Param: DDR3_DQ_PER_DM ==> 8
MIG: 12:33:32 : 2
MIG: 12:33:32 :  Valid Param: DDR3_DM_WIDTH ==> 2
MIG: 12:33:32 : 16
MIG: 12:33:32 :  Valid Param: DDR3_DQ_WIDTH ==> 16
MIG: 12:33:32 : 2
MIG: 12:33:32 :  Valid Param: DDR3_DQS_WIDTH ==> 2
MIG: 12:33:32 : 
MIG: 12:33:32 :  Valid Param: DDR3_DQS_CNT_WIDTH ==> 1
MIG: 12:33:32 :  Invalid Param: DDR3_DRAM_WIDTH ==> 8
MIG: 12:33:32 : 
MIG: 12:33:32 :  Valid Param: ECC ==> OFF
MIG: 12:33:32 : 16
MIG: 12:33:32 :  Valid Param: DDR3_DATA_WIDTH ==> 16
MIG: 12:33:32 :  Invalid Param: ECC_TEST ==> "OFF"
MIG: 12:33:32 :  Invalid Param: DDR3_PAYLOAD_WIDTH ==> (ECC_TEST == "OFF") ? DATA_WIDTH : DQ_WIDTH
MIG: 12:33:32 :  Invalid Param: DDR3_MEM_ADDR_ORDER ==> "ROW_BANK_COLUMN"
MIG: 12:33:32 :  Invalid Param: DDR3_nBANK_MACHS ==> 8
MIG: 12:33:32 :  Invalid Param: DDR3_RANKS ==> 1
MIG: 12:33:32 : 
MIG: 12:33:32 :  Valid Param: DDR3_ODT_WIDTH ==> 1
MIG: 12:33:32 : 
MIG: 12:33:32 :  Valid Param: DDR3_ROW_WIDTH ==> 14
MIG: 12:33:32 : 28
MIG: 12:33:32 :  Valid Param: DDR3_ADDR_WIDTH ==> 28
MIG: 12:33:32 : 0
MIG: 12:33:32 :  Valid Param: DDR3_USE_CS_PORT ==> 0
MIG: 12:33:32 : 
MIG: 12:33:32 :  Valid Param: DDR3_USE_DM_PORT ==> 1
MIG: 12:33:32 : 
MIG: 12:33:32 :  Valid Param: DDR3_USE_ODT_PORT ==> 1
MIG: 12:33:32 :  Invalid Param: DDR3_IS_CLK_SHARED ==> "FALSE"
MIG: 12:33:32 :  Invalid Param: DDR3_PHY_CONTROL_MASTER_BANK ==> 0
MIG: 12:33:32 :  Invalid Param: DDR3_MEM_DENSITY ==> "2Gb"
MIG: 12:33:32 :  Invalid Param: DDR3_MEM_SPEEDGRADE ==> "125"
MIG: 12:33:32 :  Invalid Param: DDR3_MEM_DEVICE_WIDTH ==> 16
MIG: 12:33:32 :  Invalid Param: DDR3_AL ==> "0"
MIG: 12:33:32 :  Invalid Param: DDR3_nAL ==> 0
MIG: 12:33:32 :  Invalid Param: DDR3_BURST_MODE ==> "8"
MIG: 12:33:32 :  Invalid Param: DDR3_BURST_TYPE ==> "SEQ"
MIG: 12:33:32 :  Invalid Param: DDR3_CL ==> 6
MIG: 12:33:32 :  Invalid Param: DDR3_CWL ==> 5
MIG: 12:33:32 :  Invalid Param: DDR3_OUTPUT_DRV ==> "HIGH"
MIG: 12:33:32 :  Invalid Param: DDR3_RTT_NOM ==> "60"
MIG: 12:33:32 :  Invalid Param: DDR3_RTT_WR ==> "OFF"
MIG: 12:33:32 :  Invalid Param: DDR3_ADDR_CMD_MODE ==> "1T"
MIG: 12:33:32 : 
MIG: 12:33:32 :  Valid Param: DDR3_REG_CTRL ==> OFF
MIG: 12:33:32 :  Invalid Param: DDR3_CA_MIRROR ==> "OFF"
MIG: 12:33:32 :  Invalid Param: DDR3_VDD_OP_VOLT ==> "150"
MIG: 12:33:32 :  Invalid Param: DDR3_CLKIN_PERIOD ==> 5000
MIG: 12:33:32 :  Invalid Param: DDR3_CLKFBOUT_MULT ==> 4
MIG: 12:33:32 :  Invalid Param: DDR3_DIVCLK_DIVIDE ==> 1
MIG: 12:33:32 :  Invalid Param: DDR3_CLKOUT0_PHASE ==> 0.0
MIG: 12:33:32 :  Invalid Param: DDR3_CLKOUT0_DIVIDE ==> 1
MIG: 12:33:32 :  Invalid Param: DDR3_CLKOUT1_DIVIDE ==> 2
MIG: 12:33:32 :  Invalid Param: DDR3_CLKOUT2_DIVIDE ==> 32
MIG: 12:33:32 :  Invalid Param: DDR3_CLKOUT3_DIVIDE ==> 8
MIG: 12:33:32 :  Invalid Param: DDR3_MMCM_VCO ==> 800
MIG: 12:33:32 :  Invalid Param: DDR3_MMCM_MULT_F ==> 8
MIG: 12:33:32 :  Invalid Param: DDR3_MMCM_DIVCLK_DIVIDE ==> 1
MIG: 12:33:32 :  Invalid Param: DDR3_tCKE ==> 5000
MIG: 12:33:32 :  Invalid Param: DDR3_tFAW ==> 40000
MIG: 12:33:32 :  Invalid Param: DDR3_tPRDI ==> 1_000_000
MIG: 12:33:32 :  Invalid Param: DDR3_tRAS ==> 35000
MIG: 12:33:32 :  Invalid Param: DDR3_tRCD ==> 13750
MIG: 12:33:32 :  Invalid Param: DDR3_tREFI ==> 7800000
MIG: 12:33:32 :  Invalid Param: DDR3_tRFC ==> 160000
MIG: 12:33:32 :  Invalid Param: DDR3_tRP ==> 13750
MIG: 12:33:32 :  Invalid Param: DDR3_tRRD ==> 7500
MIG: 12:33:32 :  Invalid Param: DDR3_tRTP ==> 7500
MIG: 12:33:32 :  Invalid Param: DDR3_tWTR ==> 7500
MIG: 12:33:32 :  Invalid Param: DDR3_tZQI ==> 128_000_000
MIG: 12:33:32 :  Invalid Param: DDR3_tZQCS ==> 64
MIG: 12:33:32 :  Invalid Param: DDR3_SIM_BYPASS_INIT_CAL ==> "OFF"
MIG: 12:33:32 :  Invalid Param: DDR3_SIMULATION ==> "FALSE"
MIG: 12:33:32 :  Invalid Param: DDR3_BYTE_LANES_B0 ==> 4'b1111
MIG: 12:33:32 :  Invalid Param: DDR3_BYTE_LANES_B1 ==> 4'b0000
MIG: 12:33:32 :  Invalid Param: DDR3_BYTE_LANES_B2 ==> 4'b0000
MIG: 12:33:32 :  Invalid Param: DDR3_BYTE_LANES_B3 ==> 4'b0000
MIG: 12:33:32 :  Invalid Param: DDR3_BYTE_LANES_B4 ==> 4'b0000
MIG: 12:33:32 :  Invalid Param: DDR3_DATA_CTL_B0 ==> 4'b0011
MIG: 12:33:32 :  Invalid Param: DDR3_DATA_CTL_B1 ==> 4'b0000
MIG: 12:33:32 :  Invalid Param: DDR3_DATA_CTL_B2 ==> 4'b0000
MIG: 12:33:32 :  Invalid Param: DDR3_DATA_CTL_B3 ==> 4'b0000
MIG: 12:33:32 :  Invalid Param: DDR3_DATA_CTL_B4 ==> 4'b0000
MIG: 12:33:32 :  Invalid Param: DDR3_PHY_0_BITLANES ==> 48'h3FF_FFF_3FE_3FE
MIG: 12:33:32 :  Invalid Param: DDR3_PHY_1_BITLANES ==> 48'h000_000_000_000
MIG: 12:33:32 :  Invalid Param: DDR3_PHY_2_BITLANES ==> 48'h000_000_000_000
MIG: 12:33:32 :  Invalid Param: DDR3_CK_BYTE_MAP ==> 144'h00_00_00_00_00_00_00_00_00_00_00_00_00_00_00_00_00_03
MIG: 12:33:32 :  Invalid Param: DDR3_ADDR_MAP ==> 192'h000_000_034_030_039_036_026_038_035_031_027_033_029_02A_032_028
MIG: 12:33:32 :  Invalid Param: DDR3_BANK_MAP ==> 36'h025_037_024
MIG: 12:33:32 :  Invalid Param: DDR3_CAS_MAP ==> 12'h021
MIG: 12:33:32 :  Invalid Param: DDR3_CKE_ODT_BYTE_MAP ==> 8'h00
MIG: 12:33:32 :  Invalid Param: DDR3_CKE_MAP ==> 96'h000_000_000_000_000_000_000_02B
MIG: 12:33:32 :  Invalid Param: DDR3_ODT_MAP ==> 96'h000_000_000_000_000_000_000_023
MIG: 12:33:32 :  Invalid Param: DDR3_CS_MAP ==> 120'h000_000_000_000_000_000_000_000_000_000
MIG: 12:33:32 :  Invalid Param: DDR3_PARITY_MAP ==> 12'h000
MIG: 12:33:32 :  Invalid Param: DDR3_RAS_MAP ==> 12'h020
MIG: 12:33:32 :  Invalid Param: DDR3_WE_MAP ==> 12'h022
MIG: 12:33:32 :  Invalid Param: DDR3_DQS_BYTE_MAP ==> 144'h00_00_00_00_00_00_00_00_00_00_00_00_00_00_00_00_00_01
MIG: 12:33:32 :  Invalid Param: DDR3_DATA0_MAP ==> 96'h016_017_012_018_011_013_014_019
MIG: 12:33:32 :  Invalid Param: DDR3_DATA1_MAP ==> 96'h002_003_009_001_004_007_008_006
MIG: 12:33:32 :  Invalid Param: DDR3_DATA2_MAP ==> 96'h000_000_000_000_000_000_000_000
MIG: 12:33:32 :  Invalid Param: DDR3_DATA3_MAP ==> 96'h000_000_000_000_000_000_000_000
MIG: 12:33:32 :  Invalid Param: DDR3_DATA4_MAP ==> 96'h000_000_000_000_000_000_000_000
MIG: 12:33:32 :  Invalid Param: DDR3_DATA5_MAP ==> 96'h000_000_000_000_000_000_000_000
MIG: 12:33:32 :  Invalid Param: DDR3_DATA6_MAP ==> 96'h000_000_000_000_000_000_000_000
MIG: 12:33:32 :  Invalid Param: DDR3_DATA7_MAP ==> 96'h000_000_000_000_000_000_000_000
MIG: 12:33:32 :  Invalid Param: DDR3_DATA8_MAP ==> 96'h000_000_000_000_000_000_000_000
MIG: 12:33:32 :  Invalid Param: DDR3_DATA9_MAP ==> 96'h000_000_000_000_000_000_000_000
MIG: 12:33:32 :  Invalid Param: DDR3_DATA10_MAP ==> 96'h000_000_000_000_000_000_000_000
MIG: 12:33:32 :  Invalid Param: DDR3_DATA11_MAP ==> 96'h000_000_000_000_000_000_000_000
MIG: 12:33:32 :  Invalid Param: DDR3_DATA12_MAP ==> 96'h000_000_000_000_000_000_000_000
MIG: 12:33:32 :  Invalid Param: DDR3_DATA13_MAP ==> 96'h000_000_000_000_000_000_000_000
MIG: 12:33:32 :  Invalid Param: DDR3_DATA14_MAP ==> 96'h000_000_000_000_000_000_000_000
MIG: 12:33:32 :  Invalid Param: DDR3_DATA15_MAP ==> 96'h000_000_000_000_000_000_000_000
MIG: 12:33:32 :  Invalid Param: DDR3_DATA16_MAP ==> 96'h000_000_000_000_000_000_000_000
MIG: 12:33:32 :  Invalid Param: DDR3_DATA17_MAP ==> 96'h000_000_000_000_000_000_000_000
MIG: 12:33:32 :  Invalid Param: DDR3_MASK0_MAP ==> 108'h000_000_000_000_000_000_000_005_015
MIG: 12:33:32 :  Invalid Param: DDR3_MASK1_MAP ==> 108'h000_000_000_000_000_000_000_000_000
MIG: 12:33:32 :  Invalid Param: DDR3_SLOT_0_CONFIG ==> 8'b0000_0001
MIG: 12:33:32 :  Invalid Param: DDR3_SLOT_1_CONFIG ==> 8'b0000_0000
MIG: 12:33:32 :  Invalid Param: DDR3_IBUF_LPWR_MODE ==> "OFF"
MIG: 12:33:32 :  Invalid Param: DDR3_DATA_IO_IDLE_PWRDWN ==> "ON"
MIG: 12:33:32 :  Invalid Param: DDR3_BANK_TYPE ==> "HR_IO"
MIG: 12:33:32 :  Invalid Param: DDR3_DATA_IO_PRIM_TYPE ==> "HR_LP"
MIG: 12:33:32 :  Invalid Param: DDR3_CKE_ODT_AUX ==> "FALSE"
MIG: 12:33:32 :  Invalid Param: DDR3_USER_REFRESH ==> "OFF"
MIG: 12:33:32 :  Invalid Param: DDR3_WRLVL ==> "ON"
MIG: 12:33:32 :  Invalid Param: DDR3_ORDERING ==> "STRICT"
MIG: 12:33:32 :  Invalid Param: DDR3_CALIB_ROW_ADD ==> 16'h0000
MIG: 12:33:32 :  Invalid Param: DDR3_CALIB_COL_ADD ==> 12'h000
MIG: 12:33:32 :  Invalid Param: DDR3_CALIB_BA_ADD ==> 3'h0
MIG: 12:33:32 :  Invalid Param: DDR3_TCQ ==> 100
MIG: 12:33:32 :  Invalid Param: DDR3_IDELAY_ADJ ==> "OFF"
MIG: 12:33:32 :  Invalid Param: DDR3_FINE_PER_BIT ==> "OFF"
MIG: 12:33:32 :  Invalid Param: DDR3_CENTER_COMP_MODE ==> "OFF"
MIG: 12:33:32 :  Invalid Param: DDR3_PI_VAL_ADJ ==> "OFF"
MIG: 12:33:32 :  Invalid Param: DDR3_IODELAY_GRP0 ==> "DDR3_CONTROLLER_MIG_7SERIES_0_0_IODELAY_MIG0"
MIG: 12:33:32 :  Invalid Param: DDR3_IODELAY_GRP1 ==> "DDR3_CONTROLLER_MIG_7SERIES_0_0_IODELAY_MIG1"
MIG: 12:33:32 :  Invalid Param: DDR3_SYSCLK_TYPE ==> "NO_BUFFER"
MIG: 12:33:32 :  Invalid Param: DDR3_REFCLK_TYPE ==> "USE_SYSTEM_CLOCK"
MIG: 12:33:32 :  Invalid Param: DDR3_SYS_RST_PORT ==> "FALSE"
MIG: 12:33:32 :  Invalid Param: DDR3_FPGA_SPEED_GRADE ==> 1
MIG: 12:33:32 :  Invalid Param: DDR3_CMD_PIPE_PLUS1 ==> "ON"
MIG: 12:33:32 :  Invalid Param: DDR3_DRAM_TYPE ==> "DDR3"
MIG: 12:33:32 :  Invalid Param: DDR3_CAL_WIDTH ==> "HALF"
MIG: 12:33:32 :  Invalid Param: DDR3_STARVE_LIMIT ==> 2
MIG: 12:33:32 :  Invalid Param: DDR3_REF_CLK_MMCM_IODELAY_CTRL ==> "FALSE"
MIG: 12:33:32 :  Invalid Param: DDR3_REFCLK_FREQ ==> 200.0
MIG: 12:33:32 :  Invalid Param: DDR3_DIFF_TERM_REFCLK ==> "TRUE"
MIG: 12:33:32 :  Invalid Param: DDR3_tCK ==> 2500
MIG: 12:33:32 : 4
MIG: 12:33:32 :  Valid Param: DDR3_nCK_PER_CLK ==> 4
MIG: 12:33:32 :  Invalid Param: DDR3_DIFF_TERM_SYSCLK ==> "TRUE"
MIG: 12:33:32 : 
MIG: 12:33:32 :  Valid Param: UI_EXTRA_CLOCKS ==> FALSE
MIG: 12:33:32 : 
MIG: 12:33:32 :  Valid Param: C_S_AXI_ID_WIDTH ==> 4
MIG: 12:33:32 : 268435456
MIG: 12:33:32 :  Valid Param: C_S_AXI_MEM_SIZE ==> 268435456
MIG: 12:33:32 : 28
MIG: 12:33:32 :  Valid Param: C_S_AXI_ADDR_WIDTH ==> 28
MIG: 12:33:32 : 128
MIG: 12:33:32 :  Valid Param: C_S_AXI_DATA_WIDTH ==> 128
MIG: 12:33:32 :  Invalid Param: DDR3_C_MC_nCK_PER_CLK ==> 4
MIG: 12:33:32 :  Invalid Param: C_S_AXI_SUPPORTS_NARROW_BURST ==> 0
MIG: 12:33:32 :  Invalid Param: DDR3_C_RD_WR_ARB_ALGORITHM ==> "RD_PRI_REG"
MIG: 12:33:32 :  Invalid Param: C_S_AXI_REG_EN0 ==> 20'h00000
MIG: 12:33:32 :  Invalid Param: C_S_AXI_REG_EN1 ==> 20'h00000
MIG: 12:33:32 : 
MIG: 12:33:32 :  Valid Param: C_S_AXI_CTRL_ADDR_WIDTH ==> 32
MIG: 12:33:32 : 
MIG: 12:33:32 :  Valid Param: C_S_AXI_CTRL_DATA_WIDTH ==> 32
MIG: 12:33:32 :  Invalid Param: C_S_AXI_BASEADDR ==> 32'h0000_0000
MIG: 12:33:32 :  Invalid Param: C_ECC_ONOFF_RESET_VALUE ==> 1
MIG: 12:33:32 :  Invalid Param: C_ECC_CE_COUNTER_WIDTH ==> 8
MIG: 12:33:32 : 
MIG: 12:33:32 :  Valid Param: DDR3_DEBUG_PORT ==> OFF
MIG: 12:33:32 : 
MIG: 12:33:32 :  Invalid Param: DDR3_TEMP_MON_CONTROL ==> "INTERNAL"
MIG: 12:33:32 :  Invalid Param: DDR3_FPGA_VOLT_TYPE ==> "N"
MIG: 12:33:32 :  Invalid Param: DDR3_RST_ACT_LOW ==> 1
MIG: 12:33:32 : NOBUF
MIG: 12:33:32 : NONE
MIG: 12:33:32 : 
MIG: 12:33:32 : Same Interface
MIG: 19:01:32 : xml_input_file: mig_a.prj
MIG: 19:01:32 : Absolute path of xml_input_file: d:/vivado/35T_lab3/project/project_1.srcs/sources_1/bd/ddr3_controller/ip/ddr3_controller_mig_7series_0_0/mig_a.prj
MIG: 19:01:32 : xml_input_file: mig_a.prj
MIG: 19:01:32 : Absolute path of xml_input_file: d:/vivado/35T_lab3/project/project_1.srcs/sources_1/bd/ddr3_controller/ip/ddr3_controller_mig_7series_0_0/mig_a.prj
