#-----------------------------------------------------------
# Vivado v2018.1 (64-bit)
# SW Build 2188600 on Wed Apr  4 18:40:38 MDT 2018
# IP Build 2185939 on Wed Apr  4 20:55:05 MDT 2018
# Start of session at: Mon Oct 15 18:58:29 2018
# Process ID: 3292
# Current directory: E:/第七学期/计算机组织与系统结构实习/体系实习2018_lab1.1/vivado_project_lab1.1_V2/35T/project
# Command line: vivado.exe -gui_launcher_event rodinguilauncherevent11016 E:\第七学期\计算机组织与系统结构实习\体系实习2018_lab1.1\vivado_project_lab1.1_V2\35T\project\project_1.xpr
# Log file: E:/第七学期/计算机组织与系统结构实习/体系实习2018_lab1.1/vivado_project_lab1.1_V2/35T/project/vivado.log
# Journal file: E:/第七学期/计算机组织与系统结构实习/体系实习2018_lab1.1/vivado_project_lab1.1_V2/35T/project\vivado.jou
#-----------------------------------------------------------
start_gui
open_project E:/第七学期/计算机组织与系统结构实习/体系实习2018_lab1.1/vivado_project_lab1.1_V2/35T/project/project_1.xpr
INFO: [ProjectBase 1-489] The host OS only allows 260 characters in a normal path. The project is stored in a path with more than 80 characters. If you experience issues with IP, Block Designs, or files not being found, please consider moving the project to a location with a shorter path. Alternately consider using the OS subst command to map part of the path to a drive letter.
Current project path is 'E:/第七学期/计算机组织与系统结构实习/体系实习2018_lab1.1/vivado_project_lab1.1_V2/35T/project'
INFO: [Project 1-313] Project file moved from 'C:/Users/DELL/Desktop/35T/project' since last save.
Scanning sources...
Finished scanning sources
INFO: [IP_Flow 19-234] Refreshing IP repositories
INFO: [IP_Flow 19-1704] No user IP repositories specified
INFO: [IP_Flow 19-2313] Loaded Vivado IP repository 'D:/vivado/vivado/2018.1/data/ip'.
open_project: Time (s): cpu = 00:00:30 ; elapsed = 00:00:27 . Memory (MB): peak = 799.504 ; gain = 77.352
update_compile_order -fileset sources_1
exit
INFO: [Common 17-206] Exiting Vivado at Mon Oct 15 19:00:18 2018...
