#-----------------------------------------------------------
# Vivado v2015.4 (64-bit)
# SW Build 1412921 on Wed Nov 18 09:43:45 MST 2015
# IP Build 1412160 on Tue Nov 17 13:47:24 MST 2015
# Start of session at: Sat Apr 21 19:53:16 2018
# Process ID: 13264
# Current directory: C:/Users/DELL/Desktop/fpga-data/e200_opensource-master/fine/rtl/project_1
# Command line: vivado.exe -gui_launcher_event rodinguilauncherevent9192 C:\Users\DELL\Desktop\fpga-data\e200_opensource-master\fine\rtl\project_1\project_1.xpr
# Log file: C:/Users/DELL/Desktop/fpga-data/e200_opensource-master/fine/rtl/project_1/vivado.log
# Journal file: C:/Users/DELL/Desktop/fpga-data/e200_opensource-master/fine/rtl/project_1\vivado.jou
#-----------------------------------------------------------
start_gui
open_project C:/Users/DELL/Desktop/fpga-data/e200_opensource-master/fine/rtl/project_1/project_1.xpr
Scanning sources...
Finished scanning sources
CRITICAL WARNING: [Project 1-192] Failed to load run synth_1. Strategy Vivado Synthesis Defaults (Vivado Synthesis 2016) not recognized by Vivado. 

CRITICAL WARNING: [Project 1-192] Failed to load run reset_sys_synth_1. Strategy Vivado Synthesis Defaults (Vivado Synthesis 2017) not recognized by Vivado. 

CRITICAL WARNING: [Project 1-192] Failed to load run mmcm_synth_1. Strategy Vivado Synthesis Defaults (Vivado Synthesis 2017) not recognized by Vivado. 

CRITICAL WARNING: [Project 1-192] Failed to load run impl_1. Strategy Vivado Implementation Defaults (Vivado Implementation 2016) not recognized by Vivado. 

CRITICAL WARNING: [Project 1-192] Failed to load run reset_sys_impl_1. Strategy Vivado Implementation Defaults (Vivado Implementation 2017) not recognized by Vivado. 

CRITICAL WARNING: [Project 1-192] Failed to load run mmcm_impl_1. Strategy Vivado Implementation Defaults (Vivado Implementation 2017) not recognized by Vivado. 

CRITICAL WARNING: [Project 1-532] XML ERROR: Project Option CompiledLibDirXSim has no valid value
CRITICAL WARNING: [Project 1-505] Unrecognized Option Name CompiledLibDirXcelium
CRITICAL WARNING: [Project 1-505] Unrecognized Option Name ProjectType
WARNING: [filemgmt 56-3] IPUserFilesDir: Could not find the directory '$PIPUSERFILESDIR'.
WARNING: [filemgmt 56-3] IPStaticSourceDir: Could not find the directory '$PIPUSERFILESDIR/ipstatic'.
CRITICAL WARNING: [Project 1-505] Unrecognized Option Name DSAVendor
CRITICAL WARNING: [Project 1-505] Unrecognized Option Name DSANumComputeUnits
CRITICAL WARNING: [Project 1-505] Unrecognized Option Name WTXSimLaunchSim
CRITICAL WARNING: [Project 1-505] Unrecognized Option Name WTModelSimLaunchSim
CRITICAL WARNING: [Project 1-505] Unrecognized Option Name WTQuestaLaunchSim
CRITICAL WARNING: [Project 1-505] Unrecognized Option Name WTIesLaunchSim
CRITICAL WARNING: [Project 1-505] Unrecognized Option Name WTVcsLaunchSim
CRITICAL WARNING: [Project 1-505] Unrecognized Option Name WTRivieraLaunchSim
CRITICAL WARNING: [Project 1-505] Unrecognized Option Name WTActivehdlLaunchSim
CRITICAL WARNING: [Project 1-505] Unrecognized Option Name WTXSimExportSim
CRITICAL WARNING: [Project 1-505] Unrecognized Option Name WTModelSimExportSim
CRITICAL WARNING: [Project 1-505] Unrecognized Option Name WTQuestaExportSim
CRITICAL WARNING: [Project 1-505] Unrecognized Option Name WTIesExportSim
CRITICAL WARNING: [Project 1-505] Unrecognized Option Name WTVcsExportSim
CRITICAL WARNING: [Project 1-505] Unrecognized Option Name WTRivieraExportSim
CRITICAL WARNING: [Project 1-505] Unrecognized Option Name WTActivehdlExportSim
CRITICAL WARNING: [Project 1-505] Unrecognized Option Name GenerateIPUpgradeLog
CRITICAL WARNING: [Project 1-505] Unrecognized Option Name XSimRadix
CRITICAL WARNING: [Project 1-505] Unrecognized Option Name XSimTimeUnit
CRITICAL WARNING: [Project 1-505] Unrecognized Option Name XSimArrayDisplayLimit
CRITICAL WARNING: [Project 1-505] Unrecognized Option Name XSimTraceLimit
CRITICAL WARNING: [Project 1-505] Unrecognized Option Name SimTypes
WARNING: [Project 1-231] Project 'project_1.xpr' was created with a future version and may or may not perform reliably with this version of Vivado. It has been opened in read-only mode for the protection of unrecognized data. Use 'File | Save Project As...' if you wish to alter a copy of the project.
INFO: [IP_Flow 19-234] Refreshing IP repositories
INFO: [IP_Flow 19-1700] Loaded user IP repository 'c:/Users/DELL/Desktop/fpga-data/e200_opensource-master/fine/rtl/project_1/project_1.cache/ip'.
INFO: [IP_Flow 19-2313] Loaded Vivado IP repository 'D:/Xlinx2015.4/Vivado/2015.4/data/ip'.
ERROR: [IP_Flow 19-395] Problem reading Component: see 'xilinx:parameterInfo' near line 0 in c:/Users/DELL/Desktop/fpga-data/e200_opensource-master/fine/rtl/project_1/project_1.srcs/sources_1/ip/reset_sys_1/reset_sys.xml: Bad end of element
CRITICAL WARNING: [IP_Flow 19-182] Failed to load BOM file 'c:/Users/DELL/Desktop/fpga-data/e200_opensource-master/fine/rtl/project_1/project_1.srcs/sources_1/ip/reset_sys_1/reset_sys.xml'.
CRITICAL WARNING: [IP_Flow 19-183] Failed to load IP instance 'reset_sys'.
CRITICAL WARNING: [IP_Flow 19-1835] Failed to recreate IP instance 'reset_sys'. Error reading project file(s).
ERROR: [IP_Flow 19-395] Problem reading Component: see 'xilinx:parameterInfo' near line 0 in c:/Users/DELL/Desktop/fpga-data/e200_opensource-master/fine/rtl/project_1/project_1.srcs/sources_1/ip/mmcm_1/mmcm.xml: Bad end of element
CRITICAL WARNING: [IP_Flow 19-182] Failed to load BOM file 'c:/Users/DELL/Desktop/fpga-data/e200_opensource-master/fine/rtl/project_1/project_1.srcs/sources_1/ip/mmcm_1/mmcm.xml'.
CRITICAL WARNING: [IP_Flow 19-183] Failed to load IP instance 'mmcm'.
CRITICAL WARNING: [IP_Flow 19-1835] Failed to recreate IP instance 'mmcm'. Error reading project file(s).
open_project: Time (s): cpu = 00:00:06 ; elapsed = 00:00:08 . Memory (MB): peak = 805.828 ; gain = 125.840
ERROR: [Common 17-39] 'open_project' failed due to earlier errors.
update_compile_order -fileset sources_1
exit
INFO: [Common 17-206] Exiting Vivado at Sat Apr 21 19:55:27 2018...
