Vivado Simulator 2018.1
Copyright 1986-1999, 2001-2017 Xilinx, Inc. All Rights Reserved.
Running: F:/software/xilinx/Vivado/2018.1/bin/unwrapped/win64.o/xelab.exe -wto c791423ef94145f2bff069b8ae028558 --incr --debug typical --relax --mt 2 -L blk_mem_gen_v8_3_6 -L axi_bram_ctrl_v4_0_14 -L xil_defaultlib -L unisims_ver -L unimacro_ver -L secureip -L xpm --snapshot lab3_ddr_tb_behav xil_defaultlib.lab3_ddr_tb xil_defaultlib.glbl -log elaborate.log 
Using 2 slave threads.
Starting static elaboration
WARNING: [VRFC 10-278] actual bit length 21 differs from formal bit length 20 for port addr [D:/vivado/35T_lab3/project/project_1.srcs/sources_1/new/lab3_ddr_ctrl.v:257]
WARNING: [VRFC 10-278] actual bit length 1 differs from formal bit length 2 for port axi_wlock [D:/vivado/35T_lab3/project/project_1.srcs/sources_1/new/lab3_ddr_ctrl.v:286]
WARNING: [VRFC 10-278] actual bit length 1 differs from formal bit length 2 for port axi_rlock [D:/vivado/35T_lab3/project/project_1.srcs/sources_1/new/lab3_ddr_ctrl.v:309]
Completed static elaboration
Starting simulation data flow analysis
Completed simulation data flow analysis
Time Resolution for simulation is 1ps
Compiling package std.standard
Compiling package std.textio
Compiling package ieee.std_logic_1164
Compiling package ieee.numeric_std
Compiling package ieee.std_logic_arith
Compiling package xpm.vcomponents
Compiling package axi_bram_ctrl_v4_0_14.axi_bram_ctrl_funcs
Compiling package ieee.vital_timing
Compiling package ieee.vital_primitives
Compiling package unisim.vpkg
Compiling package unisim.vcomponents
Compiling module xil_defaultlib.sirv_AsyncResetReg
Compiling module xil_defaultlib.sirv_AsyncResetRegVec_129
Compiling module xil_defaultlib.sirv_ResetCatchAndSync_2
Compiling module xil_defaultlib.e203_subsys_pll
Compiling module xil_defaultlib.e203_subsys_hclkgen_rstsync
Compiling module xil_defaultlib.sirv_gnrl_dfflr(DW=6)
Compiling module xil_defaultlib.sirv_gnrl_dfflr(DW=1)
Compiling module xil_defaultlib.e203_clkgate
Compiling module xil_defaultlib.e203_subsys_pllclkdiv
Compiling module xil_defaultlib.e203_subsys_gfcm
Compiling module xil_defaultlib.e203_subsys_hclkgen
Compiling module xil_defaultlib.e203_reset_ctrl_default
Compiling module xil_defaultlib.sirv_gnrl_dffr(DW=1)
Compiling module xil_defaultlib.e203_clk_ctrl
Compiling module xil_defaultlib.sirv_gnrl_sync(DW=1)
Compiling module xil_defaultlib.e203_irq_sync_default
Compiling module xil_defaultlib.e203_extend_csr
Compiling module xil_defaultlib.sirv_gnrl_dffrs(DW=1)
Compiling module xil_defaultlib.sirv_gnrl_dfflr(DW=16)
Compiling module xil_defaultlib.sirv_gnrl_dfflr(DW=5)
Compiling module xil_defaultlib.sirv_gnrl_dfflr
Compiling module xil_defaultlib.e203_exu_decode
Compiling module xil_defaultlib.e203_ifu_minidec
Compiling module xil_defaultlib.e203_ifu_litebpu
Compiling module xil_defaultlib.e203_ifu_ifetch
Compiling module xil_defaultlib.sirv_gnrl_dfflrs(DW=1)
Compiling module xil_defaultlib.sirv_gnrl_dffl(DW=33)
Compiling module xil_defaultlib.sirv_gnrl_fifo(CUT_READY=1,DP=1,...
Compiling module xil_defaultlib.sirv_gnrl_bypbuf(DP=1,DW=33)
Compiling module xil_defaultlib.sirv_gnrl_dfflr(DW=2)
Compiling module xil_defaultlib.sirv_gnrl_dffl(DW=2)
Compiling module xil_defaultlib.sirv_gnrl_dffl(DW=16)
Compiling module xil_defaultlib.e203_ifu_ift2icb
Compiling module xil_defaultlib.e203_ifu
Compiling module xil_defaultlib.sirv_gnrl_dffl
Compiling module xil_defaultlib.e203_exu_regfile_default
Compiling module xil_defaultlib.e203_exu_disp
Compiling module xil_defaultlib.sirv_gnrl_dffl(DW=5)
Compiling module xil_defaultlib.sirv_gnrl_dffl(DW=1)
Compiling module xil_defaultlib.e203_exu_oitf_default
Compiling module xil_defaultlib.e203_exu_alu_csrctrl
Compiling module xil_defaultlib.e203_exu_alu_bjp
Compiling module xil_defaultlib.sirv_gnrl_dfflr(DW=4)
Compiling module xil_defaultlib.e203_exu_alu_lsuagu
Compiling module xil_defaultlib.e203_exu_alu_rglr
Compiling module xil_defaultlib.sirv_gnrl_dfflr(DW=3)
Compiling module xil_defaultlib.e203_exu_alu_muldiv
Compiling module xil_defaultlib.e203_exu_alu_dpath
Compiling module xil_defaultlib.e203_exu_alu
Compiling module xil_defaultlib.e203_exu_longpwbck
Compiling module xil_defaultlib.e203_exu_wbck
Compiling module xil_defaultlib.e203_exu_branchslv
Compiling module xil_defaultlib.e203_exu_excp
Compiling module xil_defaultlib.e203_exu_commit
Compiling module xil_defaultlib.e203_exu_csr
Compiling module xil_defaultlib.e203_exu
Compiling module xil_defaultlib.sirv_gnrl_pipe_stage(DW=1)
Compiling module xil_defaultlib.sirv_gnrl_icb_arbt(DW=32,USR_W=3...
Compiling module xil_defaultlib.sirv_gnrl_dffl(DW=44)
Compiling module xil_defaultlib.sirv_gnrl_pipe_stage(DW=44)
Compiling module xil_defaultlib.e203_lsu_ctrl_default
Compiling module xil_defaultlib.e203_lsu
Compiling module xil_defaultlib.sirv_gnrl_pipe_stage(CUT_READY=1...
Compiling module xil_defaultlib.sirv_gnrl_icb_arbt(DW=32,FIFO_CU...
Compiling module xil_defaultlib.sirv_gnrl_dffl(DW=78)
Compiling module xil_defaultlib.sirv_gnrl_fifo(CUT_READY=1,DP=1,...
Compiling module xil_defaultlib.sirv_gnrl_dffl(DW=35)
Compiling module xil_defaultlib.sirv_gnrl_fifo(CUT_READY=1,DP=1,...
Compiling module xil_defaultlib.sirv_gnrl_icb_buffer(CMD_CUT_REA...
Compiling module xil_defaultlib.sirv_gnrl_dffl(DW=6)
Compiling module xil_defaultlib.sirv_gnrl_pipe_stage(CUT_READY=1...
Compiling module xil_defaultlib.sirv_gnrl_icb_splt(DW=32,FIFO_OU...
Compiling module xil_defaultlib.e203_biu_default
Compiling module xil_defaultlib.e203_core
Compiling module xil_defaultlib.sirv_gnrl_icb_n2w(AW=16,FIFO_OUT...
Compiling module xil_defaultlib.sirv_gnrl_icb_arbt(AW=16,ARBT_NU...
Compiling module xil_defaultlib.sirv_gnrl_dffl(DW=91)
Compiling module xil_defaultlib.sirv_gnrl_fifo(CUT_READY=1,DP=1,...
Compiling module xil_defaultlib.sirv_gnrl_bypbuf(DP=1,DW=91)
Compiling module xil_defaultlib.sirv_gnrl_pipe_stage(DW=2)
Compiling module xil_defaultlib.sirv_1cyc_sram_ctrl(DW=64,MW=8,A...
Compiling module xil_defaultlib.sirv_sram_icb_ctrl(DW=64,MW=8,AW...
Compiling module xil_defaultlib.e203_itcm_ctrl
Compiling module xil_defaultlib.axi_wrapper(C_AXI_ADDR_WIDTH=20,...
Compiling module xil_defaultlib.ddr_request
Compiling module xil_defaultlib.lab3_mem_ctrl
Compiling module xil_defaultlib.e203_cpu
Compiling module xil_defaultlib.sirv_sim_ram(DP=8192,FORCE_X2ZER...
Compiling module xil_defaultlib.sirv_gnrl_ram(DP=8192,DW=64,FORC...
Compiling module xil_defaultlib.e203_itcm_ram
Compiling module xil_defaultlib.sirv_sim_ram(DP=262144,FORCE_X2Z...
Compiling module xil_defaultlib.sirv_gnrl_ram(DP=262144,FORCE_X2...
Compiling module xil_defaultlib.e203_dtcm_ram
Compiling module xil_defaultlib.e203_srams
Compiling module xil_defaultlib.e203_cpu_top
Compiling module xil_defaultlib.sirv_gnrl_dffr(DW=53)
Compiling module xil_defaultlib.sirv_gnrl_dffr(DW=6)
Compiling module xil_defaultlib.sirv_gnrl_dffr(DW=3)
Compiling module xil_defaultlib.sirv_LevelGateway
Compiling module xil_defaultlib.sirv_gnrl_pipe_stage(CUT_READY=1...
Compiling module xil_defaultlib.sirv_plic_man(PLIC_IRQ_NUM=53,PL...
Compiling module xil_defaultlib.sirv_plic_top
Compiling module xil_defaultlib.e203_subsys_plic
Compiling module xil_defaultlib.sirv_clint
Compiling module xil_defaultlib.sirv_clint_top
Compiling module xil_defaultlib.e203_subsys_clint
Compiling module xil_defaultlib.sirv_gnrl_fifo(CUT_READY=1,DP=2,...
Compiling module xil_defaultlib.sirv_gnrl_fifo(CUT_READY=1,DP=2,...
Compiling module xil_defaultlib.sirv_gnrl_icb_buffer(CMD_CUT_REA...
Compiling module xil_defaultlib.sirv_gnrl_dffl(DW=17)
Compiling module xil_defaultlib.sirv_gnrl_pipe_stage(CUT_READY=1...
Compiling module xil_defaultlib.sirv_gnrl_icb_splt(DW=32,FIFO_OU...
Compiling module xil_defaultlib.sirv_icb1to16_bus(ICB_FIFO_DP=2,...
Compiling module xil_defaultlib.sirv_otp_top
Compiling module xil_defaultlib.sirv_AsyncResetRegVec_67
Compiling module xil_defaultlib.sirv_gpio
Compiling module xil_defaultlib.sirv_gpio_top
Compiling module xil_defaultlib.sirv_uarttx
Compiling module xil_defaultlib.sirv_queue_1
Compiling module xil_defaultlib.sirv_uartrx
Compiling module xil_defaultlib.sirv_uart
Compiling module xil_defaultlib.sirv_uart_top
Compiling module xil_defaultlib.sirv_tl_repeater_5
Compiling module xil_defaultlib.sirv_tlwidthwidget_qspi
Compiling module xil_defaultlib.sirv_repeater_6
Compiling module xil_defaultlib.sirv_tlfragmenter_qspi_1
Compiling module xil_defaultlib.sirv_qspi_fifo
Compiling module xil_defaultlib.sirv_qspi_physical
Compiling module xil_defaultlib.sirv_qspi_media
Compiling module xil_defaultlib.sirv_qspi_flashmap
Compiling module xil_defaultlib.sirv_qspi_arbiter
Compiling module xil_defaultlib.sirv_flash_qspi
Compiling module xil_defaultlib.sirv_flash_qspi_top
Compiling module xil_defaultlib.sirv_pwm8_core
Compiling module xil_defaultlib.sirv_pwm8
Compiling module xil_defaultlib.sirv_pwm8_top
Compiling module xil_defaultlib.sirv_qspi_physical_1
Compiling module xil_defaultlib.sirv_qspi_media_1
Compiling module xil_defaultlib.sirv_qspi_4cs
Compiling module xil_defaultlib.sirv_qspi_4cs_top
Compiling module xil_defaultlib.sirv_pwm16_core
Compiling module xil_defaultlib.sirv_pwm16
Compiling module xil_defaultlib.sirv_pwm16_top
Compiling module xil_defaultlib.sirv_qspi_physical_2
Compiling module xil_defaultlib.sirv_qspi_media_2
Compiling module xil_defaultlib.sirv_qspi_1cs
Compiling module xil_defaultlib.sirv_qspi_1cs_top
Compiling module xil_defaultlib.sirv_uartgpioport
Compiling module xil_defaultlib.sirv_pwmgpioport
Compiling module xil_defaultlib.sirv_spigpioport
Compiling module xil_defaultlib.sirv_spigpioport_1
Compiling module xil_defaultlib.sirv_spigpioport_2
Compiling module xil_defaultlib.sirv_gnrl_dfflr(DW=65)
Compiling module xil_defaultlib.sirv_gnrl_cdc_tx(DW=65)
Compiling module xil_defaultlib.sirv_gnrl_dfflr(DW=33)
Compiling module xil_defaultlib.sirv_gnrl_cdc_rx(DW=33)
Compiling module xil_defaultlib.sirv_gnrl_fifo(CUT_READY=1,MSKO=...
Compiling module xil_defaultlib.sirv_gnrl_dffl(DW=50)
Compiling module xil_defaultlib.sirv_gnrl_fifo(CUT_READY=1,DP=2,...
Compiling module xil_defaultlib.sirv_gnrl_dffl(DW=37)
Compiling module xil_defaultlib.sirv_gnrl_fifo(CUT_READY=1,DP=2,...
Compiling module xil_defaultlib.sirv_gnrl_fifo(CUT_READY=1,DP=2,...
Compiling module xil_defaultlib.sirv_gnrl_axi_buffer(CHNL_FIFO_C...
Compiling module xil_defaultlib.sirv_gnrl_icb2axi(AXI_FIFO_DP=2,...
Compiling module xil_defaultlib.sirv_expl_axi_slv
Compiling module xil_defaultlib.sirv_gnrl_fifo(CUT_READY=1,DP=1)
Compiling module xil_defaultlib.sirv_gnrl_icb2apb(DW=32)
Compiling module xil_defaultlib.sirv_expl_apb_slv
Compiling module xil_defaultlib.sirv_gnrl_icb32towishb8
Compiling module xil_defaultlib.i2c_master_bit_ctrl
Compiling module xil_defaultlib.i2c_master_byte_ctrl
Compiling module xil_defaultlib.i2c_master_top
Compiling module xil_defaultlib.sirv_hclkgen_regs
Compiling module xil_defaultlib.e203_subsys_perips
Compiling module xil_defaultlib.sirv_gnrl_dffl(DW=9)
Compiling module xil_defaultlib.sirv_gnrl_pipe_stage(CUT_READY=1...
Compiling module xil_defaultlib.sirv_gnrl_icb_splt(DW=32,FIFO_OU...
Compiling module xil_defaultlib.sirv_icb1to8_bus(ICB_FIFO_DP=2,O...
Compiling module xil_defaultlib.sirv_mrom
Compiling module xil_defaultlib.sirv_mrom_top
Compiling module xil_defaultlib.sirv_gnrl_fifo(CUT_READY=1,MSKO=...
Compiling module xil_defaultlib.sirv_gnrl_icb2axi(AXI_FIFO_DP=2,...
Compiling module xil_defaultlib.e203_subsys_mems
Compiling module xil_defaultlib.e203_subsys_main
Compiling module xil_defaultlib.sirv_AsyncResetRegVec_36
Compiling module xil_defaultlib.sirv_ResetCatchAndSync
Compiling module xil_defaultlib.sirv_jtaggpioport
Compiling module xil_defaultlib.sirv_debug_csr
Compiling module xil_defaultlib.sirv_gnrl_dfflr(DW=41)
Compiling module xil_defaultlib.sirv_gnrl_cdc_tx(DW=41)
Compiling module xil_defaultlib.sirv_gnrl_dfflr(DW=36)
Compiling module xil_defaultlib.sirv_gnrl_cdc_rx(DW=36)
Compiling module xil_defaultlib.sirv_jtag_dtm_default
Compiling module xil_defaultlib.sirv_gnrl_cdc_tx(DW=36)
Compiling module xil_defaultlib.sirv_gnrl_cdc_rx(DW=41)
Compiling module xil_defaultlib.sirv_debug_rom
Compiling module xil_defaultlib.sirv_debug_ram_default
Compiling module xil_defaultlib.sirv_debug_module_default
Compiling module xil_defaultlib.sirv_gnrl_cdc_tx
Compiling module xil_defaultlib.sirv_gnrl_cdc_rx(DW=65)
Compiling module xil_defaultlib.sirv_gnrl_fifo(CUT_READY=1,DP=0,...
Compiling module xil_defaultlib.sirv_gnrl_fifo(CUT_READY=1,DP=0,...
Compiling module xil_defaultlib.sirv_gnrl_icb_buffer(AW=15,CMD_C...
Compiling module xil_defaultlib.sirv_gnrl_pipe_stage(CUT_READY=1...
Compiling module xil_defaultlib.sirv_gnrl_icb_splt(AW=15,DW=32,F...
Compiling module xil_defaultlib.sirv_icb1to2_bus(AW=15,O0_BASE_A...
Compiling module xil_defaultlib.sirv_aon_lclkgen_regs
Compiling module xil_defaultlib.sirv_AsyncResetRegVec
Compiling module xil_defaultlib.sirv_rtc
Compiling module xil_defaultlib.sirv_pmu_core
Compiling module xil_defaultlib.sirv_AsyncResetRegVec_1
Compiling module xil_defaultlib.sirv_pmu
Compiling module xil_defaultlib.sirv_wdog
Compiling module xil_defaultlib.sirv_queue
Compiling module xil_defaultlib.sirv_aon
Compiling module xil_defaultlib.sirv_DeglitchShiftRegister
Compiling module xil_defaultlib.sirv_aon_porrst
Compiling module xil_defaultlib.sirv_aon_wrapper
Compiling module xil_defaultlib.sirv_aon_top
Compiling module xil_defaultlib.e203_subsys_top
Compiling module xil_defaultlib.e203_soc_top
Compiling architecture implementation of entity axi_bram_ctrl_v4_0_14.wrap_brst [\wrap_brst(c_axi_addr_width=20,c...]
Compiling architecture muxcy_v of entity unisim.MUXCY [muxcy_default]
Compiling architecture muxcy_l_v of entity unisim.MUXCY_L [muxcy_l_default]
Compiling architecture xorcy_v of entity unisim.XORCY [xorcy_default]
Compiling architecture srl16e_v of entity unisim.SRL16E [\SRL16E(0,15)\]
Compiling architecture fdre_v of entity unisim.FDRE [fdre_default]
Compiling architecture fdr_v of entity unisim.FDR [fdr_default]
Compiling architecture imp of entity axi_bram_ctrl_v4_0_14.SRL_FIFO [\SRL_FIFO(c_data_bits=4,c_depth=...]
Compiling architecture implementation of entity axi_bram_ctrl_v4_0_14.wr_chnl [\wr_chnl(c_axi_addr_width=20,c_s...]
Compiling architecture implementation of entity axi_bram_ctrl_v4_0_14.rd_chnl [\rd_chnl(c_axi_addr_width=20,c_s...]
Compiling architecture implementation of entity axi_bram_ctrl_v4_0_14.full_axi [\full_axi(c_s_axi_addr_width=20,...]
Compiling architecture implementation of entity axi_bram_ctrl_v4_0_14.axi_bram_ctrl_top [\axi_bram_ctrl_top(c_bram_addr_w...]
Compiling module xpm.xpm_memory_base(MEMORY_SIZE=8388...
Compiling module xpm.xpm_memory_tdpram(MEMORY_SIZE=83...
Compiling architecture implementation of entity axi_bram_ctrl_v4_0_14.axi_bram_ctrl [\axi_bram_ctrl(c_bram_inst_mode=...]
Compiling architecture axi_bram_ctrl_0_arch of entity xil_defaultlib.axi_bram_ctrl_0 [axi_bram_ctrl_0_default]
Compiling module xil_defaultlib.lab3_ddr_tb
WARNING: [XSIM 43-3373] "D:/vivado/35T_lab3/project/project_1.srcs/sim_1/new/lab3_ddr_tb.v" Line 249. System function $value$plusargs is used as system task. This system function should have a LHS e.g. x=$value$plusargs().
Compiling module xil_defaultlib.glbl
Built simulation snapshot lab3_ddr_tb_behav
